State 0 Performing action 8 and going to 1
State 1 Performing action 1 and going to 1
State 1 Performing action 1 and going to 2
State 2 Performing action 1 and going to 2
State 2 Performing action 1 and going to 3
State 3 Performing action 1 and going to 3
State 3 Performing action 4 and going to 4
State 4 Performing action 1 and going to 3
State 3 Performing action 1 and going to 3
State 3 Performing action 4 and going to 4
State 4 Performing action 5 and going to 0
State 0 Performing action 1 and going to 0
State 0 Performing action 1 and going to 2
State 2 Performing action 1 and going to 2
State 2 Performing action 1 and going to 3
State 3 Performing action 1 and going to 3
State 3 Performing action 4 and going to 4
State 4 Performing action 1 and going to 3
State 3 Performing action 1 and going to 3
State 3 Performing action 4 and going to 4
State 4 Performing action 5 and going to 0
State 0 Performing action 1 and going to 0
State 0 Performing action 1 and going to 5
State 5 Performing action 1 and going to 5
State 5 Performing action 1 and going to 6
State 6 Performing action 1 and going to 6
State 6 Performing action 6 and going to 7
Start with
State 7 Performing action 1 and going to 0
State 0 Performing action 1 and going to 0
State 0 Performing action 9 and going to 8
State 8 Performing action 1 and going to 8
State 8 Performing action 1 and going to 9
State 9 Performing action 1 and going to 9
State 9 Performing action 2 and going to 10
State 10 Performing action 1 and going to 10
State 10 Performing action 3 and going to 11
State 11 Performing action 1 and going to 11
State 11 Performing action 7 and going to 9
Edge with non start
State 9 Performing action 1 and going to 9
State 9 Performing action 2 and going to 10
State 10 Performing action 1 and going to 10
State 10 Performing action 10 and going to 0
Edge with $FINAL$ terminal
State 0 Performing action 1 and going to 0
State 0 Performing action 8 and going to 1
State 1 Performing action 1 and going to 1
State 1 Performing action 1 and going to 9
State 9 Performing action 1 and going to 9
State 9 Performing action 2 and going to 10
State 10 Performing action 1 and going to 10
State 10 Performing action 3 and going to 11
State 11 Performing action 1 and going to 11
State 11 Performing action 7 and going to 9
Edge  non terminal
State 9 Performing action 1 and going to 9
State 9 Performing action 2 and going to 10
State 10 Performing action 1 and going to 10
State 10 Performing action 7 and going to 9
Edge  $FINAL$ terminal
State 9 Performing action 1 and going to 9
State 9 Performing action 2 and going to 10
State 10 Performing action 10 and going to 0
Edge  $FINAL$ start
State 0 Performing action 1 and going to 0
