State 0 Performing action 1 and going to 0
State 0 Performing action 1 and going to 2
State 2 Performing action 1 and going to 2
State 2 Performing action 1 and going to 3
State 3 Performing action 1 and going to 3
State 3 Performing action 4 and going to 4
State 4 Performing action 1 and going to 3
State 3 Performing action 1 and going to 3
State 3 Performing action 4 and going to 4
State 4 Performing action 1 and going to 3
State 3 Performing action 1 and going to 3
State 3 Performing action 4 and going to 4
State 4 Performing action 5 and going to 0
State 0 Performing action 1 and going to 0
State 0 Performing action 8 and going to 1
State 1 Performing action 1 and going to 1
State 1 Performing action 1 and going to 2
State 2 Performing action 1 and going to 2
State 2 Performing action 1 and going to 3
State 3 Performing action 1 and going to 3
State 3 Performing action 4 and going to 4
State 4 Performing action 1 and going to 3
State 3 Performing action 1 and going to 3
State 3 Performing action 4 and going to 4
State 4 Performing action 1 and going to 3
State 3 Performing action 1 and going to 3
State 3 Performing action 4 and going to 4
State 4 Performing action 5 and going to 0
State 0 Performing action 1 and going to 0
State 0 Performing action 1 and going to 5
State 5 Performing action 1 and going to 5
State 5 Performing action 1 and going to 6
State 6 Performing action 1 and going to 6
State 6 Performing action 6 and going to 7
Start String
State 7 Performing action 1 and going to 0
State 0 Performing action 1 and going to 0
State 0 Performing action 9 and going to 8
State 8 Performing action 1 and going to 8
State 8 Performing action 1 and going to 9
State 9 Performing action 1 and going to 9
State 9 Performing action 2 and going to 10
State 10 Performing action 1 and going to 10
State 10 Performing action 3 and going to 11
State 11 Performing action 1 and going to 11
State 11 Performing action 7 and going to 9
Edge String Id letter
State 9 Performing action 1 and going to 9
State 9 Performing action 2 and going to 10
State 10 Performing action 1 and going to 10
State 10 Performing action 3 and going to 11
State 11 Performing action 1 and going to 11
State 11 Performing action 10 and going to 0
Edge String Num digit
State 0 Performing action 1 and going to 0
State 0 Performing action 9 and going to 8
State 8 Performing action 1 and going to 8
State 8 Performing action 1 and going to 9
State 9 Performing action 1 and going to 9
State 9 Performing action 2 and going to 10
State 10 Performing action 1 and going to 10
State 10 Performing action 3 and going to 11
State 11 Performing action 1 and going to 11
State 11 Performing action 7 and going to 9
Edge Id Id letter
State 9 Performing action 1 and going to 9
State 9 Performing action 2 and going to 10
State 10 Performing action 1 and going to 10
State 10 Performing action 3 and going to 11
State 11 Performing action 1 and going to 11
State 11 Performing action 7 and going to 9
Edge Id Id digit
State 9 Performing action 1 and going to 9
State 9 Performing action 2 and going to 10
State 10 Performing action 1 and going to 10
State 10 Performing action 10 and going to 0
Edge Id $FINAL$ blank
State 0 Performing action 1 and going to 0
State 0 Performing action 9 and going to 8
State 8 Performing action 1 and going to 8
State 8 Performing action 1 and going to 9
State 9 Performing action 1 and going to 9
State 9 Performing action 2 and going to 10
State 10 Performing action 1 and going to 10
State 10 Performing action 3 and going to 11
State 11 Performing action 1 and going to 11
State 11 Performing action 7 and going to 9
Edge Num Num digit
State 9 Performing action 1 and going to 9
State 9 Performing action 2 and going to 10
State 10 Performing action 1 and going to 10
State 10 Performing action 10 and going to 0
Edge Num $FINAL$ blank
State 0 Performing action 1 and going to 0
