
      1: Executing main
/* Computes fib:  tests method calls, if, while, assignment */
      2: public /* Using Class-Supplied Parser */ 
 class secretA {
      3: 
      4:    public static void outStr(java.lang.String s) {
      5:      java.io.PrintStream ps;
      6:      ps = java.lang.System::out : java.io.PrintStream;
      7:      (ps)->print : void (s);
      8:    }
      9:    public static void outStrln(java.lang.String s) {
     10:      java.io.PrintStream ps;
     11:      ps = java.lang.System::out : java.io.PrintStream;
     12:      (ps)->println : void (s);
     13:    }
     14:    public static void outInt(int n) {
     15:      java.io.PrintStream ps;
     16:      ps = java.lang.System::out : java.io.PrintStream;
     17:      (ps)->print : void (n);
     18:    }
     19:    
     20:   public static int fib(int x) {
     21:       if (x==0) return 0;
     22:       else if (x==1) return 1;
     23:       else return 
     24:          secretA::fib : int (x-1) +
     25:          secretA::fib : int (x-2);
     26:    }
     27:    
     28:    public static int computeFib(int x) {
     29:       secretA::outStr : void (");
     30:       secretA::outInt : void (x);
     31:       int ans;
     32:       ans = secretA::fib : int (x);
     33:       secretA::outStr : void (");
     34:       secretA::outInt : void (ans);
     35:       secretA::outStrln : void (");
     36:       return ans;
     37:    }
     38:  
     39:    public static void main431() {
     40:      int i;
     41:      i = 0;
     42:      secretA::outStrln : void (");
     43:      while ( i < 10) {
     44:         int gobble;
     45:         gobble = secretA::computeFib : int (i);
     46:         i = i + 1;
     47:      }
     48:    }
     49: }
     50: 
Raw AST (with node numbers)
195: TemporaryNode[NodeDumpable]  "Program"
  194: ClassNode[ASTNodeIsh, NodeDumpable, SymDeclaring, ClassDeclaring]  "Class public instance secretA"
    193: ClassBody[ASTNodeIsh, ClassIsh, NodeDumpable]  "Class Body"
      188: TemporaryNode[NodeDumpable]  "Fields"
      189: TemporaryNode[NodeDumpable]  "Constructors"
      190: TemporaryNode[NodeDumpable]  "Methods"
        20: ModTypeNode[NodeDumpable]  "V"
          3: MethodNode[ASTNodeIsh, NodeDumpable, SymDeclaring, MethodDeclaring]  "public static V outStr"
            2: ParamsNode[ASTNodeIsh, NodeDumpable, ParamIsh]  "PARAMS"
              1: ParamNode[ASTNodeIsh, NodeDumpable, SymDeclaring, LocalDeclaring]  "Param Ljava/lang/String; s"
            19: BlockNode[ASTNodeIsh, NodeDumpable, BlockIsh]  "BLOCK"
              5: TypeNode[NodeDumpable]  "Ljava/io/PrintStream;"
                4: LocalNode[ASTNodeIsh, NodeDumpable, SymDeclaring, LocalDeclaring]  "Local Ljava/io/PrintStream; ps"
              11: AssignNode[AssignIsh, NodeDumpable, AssignTypeRequiring]  "Assign"
                6: RefNode[LocalReferencing, Referencing, NodeDumpable]  "Local Ref ps"
                7: StaticReference[FieldReferencing, ASTNodeIsh, InvokeReference, Referencing, NodeDumpable, StaticReferencing]  ""
                  8: TypeNode[NodeDumpable]  "Ljava/lang/System;"
                  9: TemporaryNode[NodeDumpable]  "out"
                  10: TypeAssertingNode[TypeAsserting, NodeDumpable]  "Ljava/io/PrintStream;"
              18: InvokeNode[ASTNodeIsh, InvokeIsh, NodeDumpable]  ""
                13: FieldReference[FieldReferencing, ASTNodeIsh, InvokeReference, Referencing, NodeDumpable]  ""
                  12: RefNode[LocalReferencing, Referencing, NodeDumpable]  "Local Ref ps"
                  14: TemporaryNode[NodeDumpable]  "print"
                  15: TypeAssertingNode[TypeAsserting, NodeDumpable]  "V"
                17: ArgsNode[ASTNodeIsh, ArgIsh, NodeDumpable]  "ARGS"
                  16: RefNode[LocalReferencing, Referencing, NodeDumpable]  "Local Ref s"
        40: ModTypeNode[NodeDumpable]  "V"
          23: MethodNode[ASTNodeIsh, NodeDumpable, SymDeclaring, MethodDeclaring]  "public static V outStrln"
            22: ParamsNode[ASTNodeIsh, NodeDumpable, ParamIsh]  "PARAMS"
              21: ParamNode[ASTNodeIsh, NodeDumpable, SymDeclaring, LocalDeclaring]  "Param Ljava/lang/String; s"
            39: BlockNode[ASTNodeIsh, NodeDumpable, BlockIsh]  "BLOCK"
              25: TypeNode[NodeDumpable]  "Ljava/io/PrintStream;"
                24: LocalNode[ASTNodeIsh, NodeDumpable, SymDeclaring, LocalDeclaring]  "Local Ljava/io/PrintStream; ps"
              31: AssignNode[AssignIsh, NodeDumpable, AssignTypeRequiring]  "Assign"
                26: RefNode[LocalReferencing, Referencing, NodeDumpable]  "Local Ref ps"
                27: StaticReference[FieldReferencing, ASTNodeIsh, InvokeReference, Referencing, NodeDumpable, StaticReferencing]  ""
                  28: TypeNode[NodeDumpable]  "Ljava/lang/System;"
                  29: TemporaryNode[NodeDumpable]  "out"
                  30: TypeAssertingNode[TypeAsserting, NodeDumpable]  "Ljava/io/PrintStream;"
              38: InvokeNode[ASTNodeIsh, InvokeIsh, NodeDumpable]  ""
                33: FieldReference[FieldReferencing, ASTNodeIsh, InvokeReference, Referencing, NodeDumpable]  ""
                  32: RefNode[LocalReferencing, Referencing, NodeDumpable]  "Local Ref ps"
                  34: TemporaryNode[NodeDumpable]  "println"
                  35: TypeAssertingNode[TypeAsserting, NodeDumpable]  "V"
                37: ArgsNode[ASTNodeIsh, ArgIsh, NodeDumpable]  "ARGS"
                  36: RefNode[LocalReferencing, Referencing, NodeDumpable]  "Local Ref s"
        60: ModTypeNode[NodeDumpable]  "V"
          43: MethodNode[ASTNodeIsh, NodeDumpable, SymDeclaring, MethodDeclaring]  "public static V outInt"
            42: ParamsNode[ASTNodeIsh, NodeDumpable, ParamIsh]  "PARAMS"
              41: ParamNode[ASTNodeIsh, NodeDumpable, SymDeclaring, LocalDeclaring]  "Param I n"
            59: BlockNode[ASTNodeIsh, NodeDumpable, BlockIsh]  "BLOCK"
              45: TypeNode[NodeDumpable]  "Ljava/io/PrintStream;"
                44: LocalNode[ASTNodeIsh, NodeDumpable, SymDeclaring, LocalDeclaring]  "Local Ljava/io/PrintStream; ps"
              51: AssignNode[AssignIsh, NodeDumpable, AssignTypeRequiring]  "Assign"
                46: RefNode[LocalReferencing, Referencing, NodeDumpable]  "Local Ref ps"
                47: StaticReference[FieldReferencing, ASTNodeIsh, InvokeReference, Referencing, NodeDumpable, StaticReferencing]  ""
                  48: TypeNode[NodeDumpable]  "Ljava/lang/System;"
                  49: TemporaryNode[NodeDumpable]  "out"
                  50: TypeAssertingNode[TypeAsserting, NodeDumpable]  "Ljava/io/PrintStream;"
              58: InvokeNode[ASTNodeIsh, InvokeIsh, NodeDumpable]  ""
                53: FieldReference[FieldReferencing, ASTNodeIsh, InvokeReference, Referencing, NodeDumpable]  ""
                  52: RefNode[LocalReferencing, Referencing, NodeDumpable]  "Local Ref ps"
                  54: TemporaryNode[NodeDumpable]  "print"
                  55: TypeAssertingNode[TypeAsserting, NodeDumpable]  "V"
                57: ArgsNode[ASTNodeIsh, ArgIsh, NodeDumpable]  "ARGS"
                  56: RefNode[LocalReferencing, Referencing, NodeDumpable]  "Local Ref n"
        97: ModTypeNode[NodeDumpable]  "I"
          63: MethodNode[ASTNodeIsh, NodeDumpable, SymDeclaring, MethodDeclaring]  "public static I fib"
            62: ParamsNode[ASTNodeIsh, NodeDumpable, ParamIsh]  "PARAMS"
              61: ParamNode[ASTNodeIsh, NodeDumpable, SymDeclaring, LocalDeclaring]  "Param I x"
            96: BlockNode[ASTNodeIsh, NodeDumpable, BlockIsh]  "BLOCK"
              95: IfNode[ASTNodeIsh, IfIsh, NodeDumpable]  "If"
                66: EqNode[ASTNodeIsh, CompareIsh, BoolTypeProducing, NodeDumpable]  ""
                  64: RefNode[LocalReferencing, Referencing, NodeDumpable]  "Local Ref x"
                  65: IntNode[ConstantProducing, ASTNodeIsh, ConstantInt, IntTypeProducing, NodeDumpable]  "Int 0"
                68: ReturnValueNode[ComputeIsh, UnaryComputeIsh, NodeDumpable]  "op return"
                  67: IntNode[ConstantProducing, ASTNodeIsh, ConstantInt, IntTypeProducing, NodeDumpable]  "Int 0"
                94: IfNode[ASTNodeIsh, IfIsh, NodeDumpable]  "If"
                  71: EqNode[ASTNodeIsh, CompareIsh, BoolTypeProducing, NodeDumpable]  ""
                    69: RefNode[LocalReferencing, Referencing, NodeDumpable]  "Local Ref x"
                    70: IntNode[ConstantProducing, ASTNodeIsh, ConstantInt, IntTypeProducing, NodeDumpable]  "Int 1"
                  73: ReturnValueNode[ComputeIsh, UnaryComputeIsh, NodeDumpable]  "op return"
                    72: IntNode[ConstantProducing, ASTNodeIsh, ConstantInt, IntTypeProducing, NodeDumpable]  "Int 1"
                  93: ReturnValueNode[ComputeIsh, UnaryComputeIsh, NodeDumpable]  "op return"
                    92: AddNode[ComputeIsh, NodeDumpable, BinaryComputeIsh]  ""
                      82: InvokeNode[ASTNodeIsh, InvokeIsh, NodeDumpable]  ""
                        74: StaticReference[FieldReferencing, ASTNodeIsh, InvokeReference, Referencing, NodeDumpable, StaticReferencing]  ""
                          75: TypeNode[NodeDumpable]  "LsecretA;"
                          76: TemporaryNode[NodeDumpable]  "fib"
                          77: TypeAssertingNode[TypeAsserting, NodeDumpable]  "I"
                        81: ArgsNode[ASTNodeIsh, ArgIsh, NodeDumpable]  "ARGS"
                          80: SubNode[ComputeIsh, NodeDumpable, BinaryComputeIsh]  ""
                            78: RefNode[LocalReferencing, Referencing, NodeDumpable]  "Local Ref x"
                            79: IntNode[ConstantProducing, ASTNodeIsh, ConstantInt, IntTypeProducing, NodeDumpable]  "Int 1"
                      91: InvokeNode[ASTNodeIsh, InvokeIsh, NodeDumpable]  ""
                        83: StaticReference[FieldReferencing, ASTNodeIsh, InvokeReference, Referencing, NodeDumpable, StaticReferencing]  ""
                          84: TypeNode[NodeDumpable]  "LsecretA;"
                          85: TemporaryNode[NodeDumpable]  "fib"
                          86: TypeAssertingNode[TypeAsserting, NodeDumpable]  "I"
                        90: ArgsNode[ASTNodeIsh, ArgIsh, NodeDumpable]  "ARGS"
                          89: SubNode[ComputeIsh, NodeDumpable, BinaryComputeIsh]  ""
                            87: RefNode[LocalReferencing, Referencing, NodeDumpable]  "Local Ref x"
                            88: IntNode[ConstantProducing, ASTNodeIsh, ConstantInt, IntTypeProducing, NodeDumpable]  "Int 2"
        150: ModTypeNode[NodeDumpable]  "I"
          100: MethodNode[ASTNodeIsh, NodeDumpable, SymDeclaring, MethodDeclaring]  "public static I computeFib"
            99: ParamsNode[ASTNodeIsh, NodeDumpable, ParamIsh]  "PARAMS"
              98: ParamNode[ASTNodeIsh, NodeDumpable, SymDeclaring, LocalDeclaring]  "Param I x"
            149: BlockNode[ASTNodeIsh, NodeDumpable, BlockIsh]  "BLOCK"
              107: InvokeNode[ASTNodeIsh, InvokeIsh, NodeDumpable]  ""
                101: StaticReference[FieldReferencing, ASTNodeIsh, InvokeReference, Referencing, NodeDumpable, StaticReferencing]  ""
                  102: TypeNode[NodeDumpable]  "LsecretA;"
                  103: TemporaryNode[NodeDumpable]  "outStr"
                  104: TypeAssertingNode[TypeAsserting, NodeDumpable]  "V"
                106: ArgsNode[ASTNodeIsh, ArgIsh, NodeDumpable]  "ARGS"
                  105: StringNode[StringTypeProducing, ConstantProducing, ASTNodeIsh, ConstantString, NodeDumpable]  "String Computing fib of "
              114: InvokeNode[ASTNodeIsh, InvokeIsh, NodeDumpable]  ""
                108: StaticReference[FieldReferencing, ASTNodeIsh, InvokeReference, Referencing, NodeDumpable, StaticReferencing]  ""
                  109: TypeNode[NodeDumpable]  "LsecretA;"
                  110: TemporaryNode[NodeDumpable]  "outInt"
                  111: TypeAssertingNode[TypeAsserting, NodeDumpable]  "V"
                113: ArgsNode[ASTNodeIsh, ArgIsh, NodeDumpable]  "ARGS"
                  112: RefNode[LocalReferencing, Referencing, NodeDumpable]  "Local Ref x"
              116: TypeNode[NodeDumpable]  "I"
                115: LocalNode[ASTNodeIsh, NodeDumpable, SymDeclaring, LocalDeclaring]  "Local I ans"
              125: AssignNode[AssignIsh, NodeDumpable, AssignTypeRequiring]  "Assign"
                117: RefNode[LocalReferencing, Referencing, NodeDumpable]  "Local Ref ans"
                124: InvokeNode[ASTNodeIsh, InvokeIsh, NodeDumpable]  ""
                  118: StaticReference[FieldReferencing, ASTNodeIsh, InvokeReference, Referencing, NodeDumpable, StaticReferencing]  ""
                    119: TypeNode[NodeDumpable]  "LsecretA;"
                    120: TemporaryNode[NodeDumpable]  "fib"
                    121: TypeAssertingNode[TypeAsserting, NodeDumpable]  "I"
                  123: ArgsNode[ASTNodeIsh, ArgIsh, NodeDumpable]  "ARGS"
                    122: RefNode[LocalReferencing, Referencing, NodeDumpable]  "Local Ref x"
              132: InvokeNode[ASTNodeIsh, InvokeIsh, NodeDumpable]  ""
                126: StaticReference[FieldReferencing, ASTNodeIsh, InvokeReference, Referencing, NodeDumpable, StaticReferencing]  ""
                  127: TypeNode[NodeDumpable]  "LsecretA;"
                  128: TemporaryNode[NodeDumpable]  "outStr"
                  129: TypeAssertingNode[TypeAsserting, NodeDumpable]  "V"
                131: ArgsNode[ASTNodeIsh, ArgIsh, NodeDumpable]  "ARGS"
                  130: StringNode[StringTypeProducing, ConstantProducing, ASTNodeIsh, ConstantString, NodeDumpable]  "String  is "
              139: InvokeNode[ASTNodeIsh, InvokeIsh, NodeDumpable]  ""
                133: StaticReference[FieldReferencing, ASTNodeIsh, InvokeReference, Referencing, NodeDumpable, StaticReferencing]  ""
                  134: TypeNode[NodeDumpable]  "LsecretA;"
                  135: TemporaryNode[NodeDumpable]  "outInt"
                  136: TypeAssertingNode[TypeAsserting, NodeDumpable]  "V"
                138: ArgsNode[ASTNodeIsh, ArgIsh, NodeDumpable]  "ARGS"
                  137: RefNode[LocalReferencing, Referencing, NodeDumpable]  "Local Ref ans"
              146: InvokeNode[ASTNodeIsh, InvokeIsh, NodeDumpable]  ""
                140: StaticReference[FieldReferencing, ASTNodeIsh, InvokeReference, Referencing, NodeDumpable, StaticReferencing]  ""
                  141: TypeNode[NodeDumpable]  "LsecretA;"
                  142: TemporaryNode[NodeDumpable]  "outStrln"
                  143: TypeAssertingNode[TypeAsserting, NodeDumpable]  "V"
                145: ArgsNode[ASTNodeIsh, ArgIsh, NodeDumpable]  "ARGS"
                  144: StringNode[StringTypeProducing, ConstantProducing, ASTNodeIsh, ConstantString, NodeDumpable]  "String "
              148: ReturnValueNode[ComputeIsh, UnaryComputeIsh, NodeDumpable]  "op return"
                147: RefNode[LocalReferencing, Referencing, NodeDumpable]  "Local Ref ans"
        187: ModTypeNode[NodeDumpable]  "V"
          152: MethodNode[ASTNodeIsh, NodeDumpable, SymDeclaring, MethodDeclaring]  "public static V main431"
            151: ParamsNode[ASTNodeIsh, NodeDumpable, ParamIsh]  "PARAMS"
            186: BlockNode[ASTNodeIsh, NodeDumpable, BlockIsh]  "BLOCK"
              154: TypeNode[NodeDumpable]  "I"
                153: LocalNode[ASTNodeIsh, NodeDumpable, SymDeclaring, LocalDeclaring]  "Local I i"
              157: AssignNode[AssignIsh, NodeDumpable, AssignTypeRequiring]  "Assign"
                155: RefNode[LocalReferencing, Referencing, NodeDumpable]  "Local Ref i"
                156: IntNode[ConstantProducing, ASTNodeIsh, ConstantInt, IntTypeProducing, NodeDumpable]  "Int 0"
              164: InvokeNode[ASTNodeIsh, InvokeIsh, NodeDumpable]  ""
                158: StaticReference[FieldReferencing, ASTNodeIsh, InvokeReference, Referencing, NodeDumpable, StaticReferencing]  ""
                  159: TypeNode[NodeDumpable]  "LsecretA;"
                  160: TemporaryNode[NodeDumpable]  "outStrln"
                  161: TypeAssertingNode[TypeAsserting, NodeDumpable]  "V"
                163: ArgsNode[ASTNodeIsh, ArgIsh, NodeDumpable]  "ARGS"
                  162: StringNode[StringTypeProducing, ConstantProducing, ASTNodeIsh, ConstantString, NodeDumpable]  "String CS431 fib test"
              185: WhileNode[WhileIsh, ASTNodeIsh, NodeDumpable]  "WHILE"
                167: LessNode[ASTNodeIsh, CompareIsh, BoolTypeProducing, NodeDumpable]  ""
                  165: RefNode[LocalReferencing, Referencing, NodeDumpable]  "Local Ref i"
                  166: IntNode[ConstantProducing, ASTNodeIsh, ConstantInt, IntTypeProducing, NodeDumpable]  "Int 10"
                184: BlockNode[ASTNodeIsh, NodeDumpable, BlockIsh]  "BLOCK"
                  169: TypeNode[NodeDumpable]  "I"
                    168: LocalNode[ASTNodeIsh, NodeDumpable, SymDeclaring, LocalDeclaring]  "Local I gobble"
                  178: AssignNode[AssignIsh, NodeDumpable, AssignTypeRequiring]  "Assign"
                    170: RefNode[LocalReferencing, Referencing, NodeDumpable]  "Local Ref gobble"
                    177: InvokeNode[ASTNodeIsh, InvokeIsh, NodeDumpable]  ""
                      171: StaticReference[FieldReferencing, ASTNodeIsh, InvokeReference, Referencing, NodeDumpable, StaticReferencing]  ""
                        172: TypeNode[NodeDumpable]  "LsecretA;"
                        173: TemporaryNode[NodeDumpable]  "computeFib"
                        174: TypeAssertingNode[TypeAsserting, NodeDumpable]  "I"
                      176: ArgsNode[ASTNodeIsh, ArgIsh, NodeDumpable]  "ARGS"
                        175: RefNode[LocalReferencing, Referencing, NodeDumpable]  "Local Ref i"
                  183: AssignNode[AssignIsh, NodeDumpable, AssignTypeRequiring]  "Assign"
                    179: RefNode[LocalReferencing, Referencing, NodeDumpable]  "Local Ref i"
                    182: AddNode[ComputeIsh, NodeDumpable, BinaryComputeIsh]  ""
                      180: RefNode[LocalReferencing, Referencing, NodeDumpable]  "Local Ref i"
                      181: IntNode[ConstantProducing, ASTNodeIsh, ConstantInt, IntTypeProducing, NodeDumpable]  "Int 1"
      191: TemporaryNode[NodeDumpable]  "Statics"
      192: TemporaryNode[NodeDumpable]  "Inner Classes"
Building Symbol table
Type Setting pass

Raw AST (with node numbers)
195: TemporaryNode[NodeDumpable]  "Program"
  194: ClassNode[ASTNodeIsh, NodeDumpable, SymDeclaring, ClassDeclaring]  "Class public instance secretA"
    193: ClassBody[ASTNodeIsh, ClassIsh, NodeDumpable]  "Class Body"
      188: TemporaryNode[NodeDumpable]  "Fields"
      189: TemporaryNode[NodeDumpable]  "Constructors"
      190: TemporaryNode[NodeDumpable]  "Methods"
        20: ModTypeNode[NodeDumpable]  "V"
          3: MethodNode[ASTNodeIsh, NodeDumpable, SymDeclaring, MethodDeclaring]  "public static V outStr"
            2: ParamsNode[ASTNodeIsh, NodeDumpable, ParamIsh]  "PARAMS"
              1: ParamNode[ASTNodeIsh, NodeDumpable, SymDeclaring, LocalDeclaring]  "Param Ljava/lang/String; s"
            19: BlockNode[ASTNodeIsh, NodeDumpable, BlockIsh]  "BLOCK"
              5: TypeNode[NodeDumpable]  "Ljava/io/PrintStream;"
                4: LocalNode[ASTNodeIsh, NodeDumpable, SymDeclaring, LocalDeclaring]  "Local Ljava/io/PrintStream; ps"
              11: <Ljava/io/PrintStream;> AssignNode[AssignIsh, NodeDumpable, AssignTypeRequiring]  "Assign"
                6: <Ljava/io/PrintStream;> RefNode[LocalReferencing, Referencing, NodeDumpable]  "Local Ref ps4: type Ljava/io/PrintStream; mods null reg -1"
                7: <Ljava/io/PrintStream;> StaticReference[FieldReferencing, ASTNodeIsh, InvokeReference, Referencing, NodeDumpable, StaticReferencing]  ""
                  8: TypeNode[NodeDumpable]  "Ljava/lang/System;"
                  9: TemporaryNode[NodeDumpable]  "out"
                  10: <Ljava/io/PrintStream;> TypeAssertingNode[TypeAsserting, NodeDumpable]  "Ljava/io/PrintStream;"
              18: <V> InvokeNode[ASTNodeIsh, InvokeIsh, NodeDumpable]  ""
                13: <V> FieldReference[FieldReferencing, ASTNodeIsh, InvokeReference, Referencing, NodeDumpable]  ""
                  12: <Ljava/io/PrintStream;> RefNode[LocalReferencing, Referencing, NodeDumpable]  "Local Ref ps4: type Ljava/io/PrintStream; mods null reg -1"
                  14: TemporaryNode[NodeDumpable]  "print"
                  15: <V> TypeAssertingNode[TypeAsserting, NodeDumpable]  "V"
                17: ArgsNode[ASTNodeIsh, ArgIsh, NodeDumpable]  "ARGS"
                  16: <Ljava/lang/String;> RefNode[LocalReferencing, Referencing, NodeDumpable]  "Local Ref s1: type Ljava/lang/String; mods null reg -1"
        40: ModTypeNode[NodeDumpable]  "V"
          23: MethodNode[ASTNodeIsh, NodeDumpable, SymDeclaring, MethodDeclaring]  "public static V outStrln"
            22: ParamsNode[ASTNodeIsh, NodeDumpable, ParamIsh]  "PARAMS"
              21: ParamNode[ASTNodeIsh, NodeDumpable, SymDeclaring, LocalDeclaring]  "Param Ljava/lang/String; s"
            39: BlockNode[ASTNodeIsh, NodeDumpable, BlockIsh]  "BLOCK"
              25: TypeNode[NodeDumpable]  "Ljava/io/PrintStream;"
                24: LocalNode[ASTNodeIsh, NodeDumpable, SymDeclaring, LocalDeclaring]  "Local Ljava/io/PrintStream; ps"
              31: <Ljava/io/PrintStream;> AssignNode[AssignIsh, NodeDumpable, AssignTypeRequiring]  "Assign"
                26: <Ljava/io/PrintStream;> RefNode[LocalReferencing, Referencing, NodeDumpable]  "Local Ref ps24: type Ljava/io/PrintStream; mods null reg -1"
                27: <Ljava/io/PrintStream;> StaticReference[FieldReferencing, ASTNodeIsh, InvokeReference, Referencing, NodeDumpable, StaticReferencing]  ""
                  28: TypeNode[NodeDumpable]  "Ljava/lang/System;"
                  29: TemporaryNode[NodeDumpable]  "out"
                  30: <Ljava/io/PrintStream;> TypeAssertingNode[TypeAsserting, NodeDumpable]  "Ljava/io/PrintStream;"
              38: <V> InvokeNode[ASTNodeIsh, InvokeIsh, NodeDumpable]  ""
                33: <V> FieldReference[FieldReferencing, ASTNodeIsh, InvokeReference, Referencing, NodeDumpable]  ""
                  32: <Ljava/io/PrintStream;> RefNode[LocalReferencing, Referencing, NodeDumpable]  "Local Ref ps24: type Ljava/io/PrintStream; mods null reg -1"
                  34: TemporaryNode[NodeDumpable]  "println"
                  35: <V> TypeAssertingNode[TypeAsserting, NodeDumpable]  "V"
                37: ArgsNode[ASTNodeIsh, ArgIsh, NodeDumpable]  "ARGS"
                  36: <Ljava/lang/String;> RefNode[LocalReferencing, Referencing, NodeDumpable]  "Local Ref s21: type Ljava/lang/String; mods null reg -1"
        60: ModTypeNode[NodeDumpable]  "V"
          43: MethodNode[ASTNodeIsh, NodeDumpable, SymDeclaring, MethodDeclaring]  "public static V outInt"
            42: ParamsNode[ASTNodeIsh, NodeDumpable, ParamIsh]  "PARAMS"
              41: ParamNode[ASTNodeIsh, NodeDumpable, SymDeclaring, LocalDeclaring]  "Param I n"
            59: BlockNode[ASTNodeIsh, NodeDumpable, BlockIsh]  "BLOCK"
              45: TypeNode[NodeDumpable]  "Ljava/io/PrintStream;"
                44: LocalNode[ASTNodeIsh, NodeDumpable, SymDeclaring, LocalDeclaring]  "Local Ljava/io/PrintStream; ps"
              51: <Ljava/io/PrintStream;> AssignNode[AssignIsh, NodeDumpable, AssignTypeRequiring]  "Assign"
                46: <Ljava/io/PrintStream;> RefNode[LocalReferencing, Referencing, NodeDumpable]  "Local Ref ps44: type Ljava/io/PrintStream; mods null reg -1"
                47: <Ljava/io/PrintStream;> StaticReference[FieldReferencing, ASTNodeIsh, InvokeReference, Referencing, NodeDumpable, StaticReferencing]  ""
                  48: TypeNode[NodeDumpable]  "Ljava/lang/System;"
                  49: TemporaryNode[NodeDumpable]  "out"
                  50: <Ljava/io/PrintStream;> TypeAssertingNode[TypeAsserting, NodeDumpable]  "Ljava/io/PrintStream;"
              58: <V> InvokeNode[ASTNodeIsh, InvokeIsh, NodeDumpable]  ""
                53: <V> FieldReference[FieldReferencing, ASTNodeIsh, InvokeReference, Referencing, NodeDumpable]  ""
                  52: <Ljava/io/PrintStream;> RefNode[LocalReferencing, Referencing, NodeDumpable]  "Local Ref ps44: type Ljava/io/PrintStream; mods null reg -1"
                  54: TemporaryNode[NodeDumpable]  "print"
                  55: <V> TypeAssertingNode[TypeAsserting, NodeDumpable]  "V"
                57: ArgsNode[ASTNodeIsh, ArgIsh, NodeDumpable]  "ARGS"
                  56: <I> RefNode[LocalReferencing, Referencing, NodeDumpable]  "Local Ref n41: type I mods null reg -1"
        97: ModTypeNode[NodeDumpable]  "I"
          63: MethodNode[ASTNodeIsh, NodeDumpable, SymDeclaring, MethodDeclaring]  "public static I fib"
            62: ParamsNode[ASTNodeIsh, NodeDumpable, ParamIsh]  "PARAMS"
              61: ParamNode[ASTNodeIsh, NodeDumpable, SymDeclaring, LocalDeclaring]  "Param I x"
            96: BlockNode[ASTNodeIsh, NodeDumpable, BlockIsh]  "BLOCK"
              95: IfNode[ASTNodeIsh, IfIsh, NodeDumpable]  "If"
                66: <Z> EqNode[ASTNodeIsh, CompareIsh, BoolTypeProducing, NodeDumpable]  ""
                  64: <I> RefNode[LocalReferencing, Referencing, NodeDumpable]  "Local Ref x61: type I mods null reg -1"
                  65: <I> IntNode[ConstantProducing, ASTNodeIsh, ConstantInt, IntTypeProducing, NodeDumpable]  "Int 0"
                68: <I> ReturnValueNode[ComputeIsh, UnaryComputeIsh, NodeDumpable]  "op return"
                  67: <I> IntNode[ConstantProducing, ASTNodeIsh, ConstantInt, IntTypeProducing, NodeDumpable]  "Int 0"
                94: IfNode[ASTNodeIsh, IfIsh, NodeDumpable]  "If"
                  71: <Z> EqNode[ASTNodeIsh, CompareIsh, BoolTypeProducing, NodeDumpable]  ""
                    69: <I> RefNode[LocalReferencing, Referencing, NodeDumpable]  "Local Ref x61: type I mods null reg -1"
                    70: <I> IntNode[ConstantProducing, ASTNodeIsh, ConstantInt, IntTypeProducing, NodeDumpable]  "Int 1"
                  73: <I> ReturnValueNode[ComputeIsh, UnaryComputeIsh, NodeDumpable]  "op return"
                    72: <I> IntNode[ConstantProducing, ASTNodeIsh, ConstantInt, IntTypeProducing, NodeDumpable]  "Int 1"
                  93: <I> ReturnValueNode[ComputeIsh, UnaryComputeIsh, NodeDumpable]  "op return"
                    92: <I> AddNode[ComputeIsh, NodeDumpable, BinaryComputeIsh]  ""
                      82: <I> InvokeNode[ASTNodeIsh, InvokeIsh, NodeDumpable]  ""
                        74: <I> StaticReference[FieldReferencing, ASTNodeIsh, InvokeReference, Referencing, NodeDumpable, StaticReferencing]  ""
                          75: TypeNode[NodeDumpable]  "LsecretA;"
                          76: TemporaryNode[NodeDumpable]  "fib"
                          77: <I> TypeAssertingNode[TypeAsserting, NodeDumpable]  "I"
                        81: ArgsNode[ASTNodeIsh, ArgIsh, NodeDumpable]  "ARGS"
                          80: <I> SubNode[ComputeIsh, NodeDumpable, BinaryComputeIsh]  ""
                            78: <I> RefNode[LocalReferencing, Referencing, NodeDumpable]  "Local Ref x61: type I mods null reg -1"
                            79: <I> IntNode[ConstantProducing, ASTNodeIsh, ConstantInt, IntTypeProducing, NodeDumpable]  "Int 1"
                      91: <I> InvokeNode[ASTNodeIsh, InvokeIsh, NodeDumpable]  ""
                        83: <I> StaticReference[FieldReferencing, ASTNodeIsh, InvokeReference, Referencing, NodeDumpable, StaticReferencing]  ""
                          84: TypeNode[NodeDumpable]  "LsecretA;"
                          85: TemporaryNode[NodeDumpable]  "fib"
                          86: <I> TypeAssertingNode[TypeAsserting, NodeDumpable]  "I"
                        90: ArgsNode[ASTNodeIsh, ArgIsh, NodeDumpable]  "ARGS"
                          89: <I> SubNode[ComputeIsh, NodeDumpable, BinaryComputeIsh]  ""
                            87: <I> RefNode[LocalReferencing, Referencing, NodeDumpable]  "Local Ref x61: type I mods null reg -1"
                            88: <I> IntNode[ConstantProducing, ASTNodeIsh, ConstantInt, IntTypeProducing, NodeDumpable]  "Int 2"
        150: ModTypeNode[NodeDumpable]  "I"
          100: MethodNode[ASTNodeIsh, NodeDumpable, SymDeclaring, MethodDeclaring]  "public static I computeFib"
            99: ParamsNode[ASTNodeIsh, NodeDumpable, ParamIsh]  "PARAMS"
              98: ParamNode[ASTNodeIsh, NodeDumpable, SymDeclaring, LocalDeclaring]  "Param I x"
            149: BlockNode[ASTNodeIsh, NodeDumpable, BlockIsh]  "BLOCK"
              107: <V> InvokeNode[ASTNodeIsh, InvokeIsh, NodeDumpable]  ""
                101: <V> StaticReference[FieldReferencing, ASTNodeIsh, InvokeReference, Referencing, NodeDumpable, StaticReferencing]  ""
                  102: TypeNode[NodeDumpable]  "LsecretA;"
                  103: TemporaryNode[NodeDumpable]  "outStr"
                  104: <V> TypeAssertingNode[TypeAsserting, NodeDumpable]  "V"
                106: ArgsNode[ASTNodeIsh, ArgIsh, NodeDumpable]  "ARGS"
                  105: <Ljava/lang/String;> StringNode[StringTypeProducing, ConstantProducing, ASTNodeIsh, ConstantString, NodeDumpable]  "String Computing fib of "
              114: <V> InvokeNode[ASTNodeIsh, InvokeIsh, NodeDumpable]  ""
                108: <V> StaticReference[FieldReferencing, ASTNodeIsh, InvokeReference, Referencing, NodeDumpable, StaticReferencing]  ""
                  109: TypeNode[NodeDumpable]  "LsecretA;"
                  110: TemporaryNode[NodeDumpable]  "outInt"
                  111: <V> TypeAssertingNode[TypeAsserting, NodeDumpable]  "V"
                113: ArgsNode[ASTNodeIsh, ArgIsh, NodeDumpable]  "ARGS"
                  112: <I> RefNode[LocalReferencing, Referencing, NodeDumpable]  "Local Ref x98: type I mods null reg -1"
              116: TypeNode[NodeDumpable]  "I"
                115: LocalNode[ASTNodeIsh, NodeDumpable, SymDeclaring, LocalDeclaring]  "Local I ans"
              125: <I> AssignNode[AssignIsh, NodeDumpable, AssignTypeRequiring]  "Assign"
                117: <I> RefNode[LocalReferencing, Referencing, NodeDumpable]  "Local Ref ans115: type I mods null reg -1"
                124: <I> InvokeNode[ASTNodeIsh, InvokeIsh, NodeDumpable]  ""
                  118: <I> StaticReference[FieldReferencing, ASTNodeIsh, InvokeReference, Referencing, NodeDumpable, StaticReferencing]  ""
                    119: TypeNode[NodeDumpable]  "LsecretA;"
                    120: TemporaryNode[NodeDumpable]  "fib"
                    121: <I> TypeAssertingNode[TypeAsserting, NodeDumpable]  "I"
                  123: ArgsNode[ASTNodeIsh, ArgIsh, NodeDumpable]  "ARGS"
                    122: <I> RefNode[LocalReferencing, Referencing, NodeDumpable]  "Local Ref x98: type I mods null reg -1"
              132: <V> InvokeNode[ASTNodeIsh, InvokeIsh, NodeDumpable]  ""
                126: <V> StaticReference[FieldReferencing, ASTNodeIsh, InvokeReference, Referencing, NodeDumpable, StaticReferencing]  ""
                  127: TypeNode[NodeDumpable]  "LsecretA;"
                  128: TemporaryNode[NodeDumpable]  "outStr"
                  129: <V> TypeAssertingNode[TypeAsserting, NodeDumpable]  "V"
                131: ArgsNode[ASTNodeIsh, ArgIsh, NodeDumpable]  "ARGS"
                  130: <Ljava/lang/String;> StringNode[StringTypeProducing, ConstantProducing, ASTNodeIsh, ConstantString, NodeDumpable]  "String  is "
              139: <V> InvokeNode[ASTNodeIsh, InvokeIsh, NodeDumpable]  ""
                133: <V> StaticReference[FieldReferencing, ASTNodeIsh, InvokeReference, Referencing, NodeDumpable, StaticReferencing]  ""
                  134: TypeNode[NodeDumpable]  "LsecretA;"
                  135: TemporaryNode[NodeDumpable]  "outInt"
                  136: <V> TypeAssertingNode[TypeAsserting, NodeDumpable]  "V"
                138: ArgsNode[ASTNodeIsh, ArgIsh, NodeDumpable]  "ARGS"
                  137: <I> RefNode[LocalReferencing, Referencing, NodeDumpable]  "Local Ref ans115: type I mods null reg -1"
              146: <V> InvokeNode[ASTNodeIsh, InvokeIsh, NodeDumpable]  ""
                140: <V> StaticReference[FieldReferencing, ASTNodeIsh, InvokeReference, Referencing, NodeDumpable, StaticReferencing]  ""
                  141: TypeNode[NodeDumpable]  "LsecretA;"
                  142: TemporaryNode[NodeDumpable]  "outStrln"
                  143: <V> TypeAssertingNode[TypeAsserting, NodeDumpable]  "V"
                145: ArgsNode[ASTNodeIsh, ArgIsh, NodeDumpable]  "ARGS"
                  144: <Ljava/lang/String;> StringNode[StringTypeProducing, ConstantProducing, ASTNodeIsh, ConstantString, NodeDumpable]  "String "
              148: <I> ReturnValueNode[ComputeIsh, UnaryComputeIsh, NodeDumpable]  "op return"
                147: <I> RefNode[LocalReferencing, Referencing, NodeDumpable]  "Local Ref ans115: type I mods null reg -1"
        187: ModTypeNode[NodeDumpable]  "V"
          152: MethodNode[ASTNodeIsh, NodeDumpable, SymDeclaring, MethodDeclaring]  "public static V main431"
            151: ParamsNode[ASTNodeIsh, NodeDumpable, ParamIsh]  "PARAMS"
            186: BlockNode[ASTNodeIsh, NodeDumpable, BlockIsh]  "BLOCK"
              154: TypeNode[NodeDumpable]  "I"
                153: LocalNode[ASTNodeIsh, NodeDumpable, SymDeclaring, LocalDeclaring]  "Local I i"
              157: <I> AssignNode[AssignIsh, NodeDumpable, AssignTypeRequiring]  "Assign"
                155: <I> RefNode[LocalReferencing, Referencing, NodeDumpable]  "Local Ref i153: type I mods null reg -1"
                156: <I> IntNode[ConstantProducing, ASTNodeIsh, ConstantInt, IntTypeProducing, NodeDumpable]  "Int 0"
              164: <V> InvokeNode[ASTNodeIsh, InvokeIsh, NodeDumpable]  ""
                158: <V> StaticReference[FieldReferencing, ASTNodeIsh, InvokeReference, Referencing, NodeDumpable, StaticReferencing]  ""
                  159: TypeNode[NodeDumpable]  "LsecretA;"
                  160: TemporaryNode[NodeDumpable]  "outStrln"
                  161: <V> TypeAssertingNode[TypeAsserting, NodeDumpable]  "V"
                163: ArgsNode[ASTNodeIsh, ArgIsh, NodeDumpable]  "ARGS"
                  162: <Ljava/lang/String;> StringNode[StringTypeProducing, ConstantProducing, ASTNodeIsh, ConstantString, NodeDumpable]  "String CS431 fib test"
              185: WhileNode[WhileIsh, ASTNodeIsh, NodeDumpable]  "WHILE"
                167: <Z> LessNode[ASTNodeIsh, CompareIsh, BoolTypeProducing, NodeDumpable]  ""
                  165: <I> RefNode[LocalReferencing, Referencing, NodeDumpable]  "Local Ref i153: type I mods null reg -1"
                  166: <I> IntNode[ConstantProducing, ASTNodeIsh, ConstantInt, IntTypeProducing, NodeDumpable]  "Int 10"
                184: BlockNode[ASTNodeIsh, NodeDumpable, BlockIsh]  "BLOCK"
                  169: TypeNode[NodeDumpable]  "I"
                    168: LocalNode[ASTNodeIsh, NodeDumpable, SymDeclaring, LocalDeclaring]  "Local I gobble"
                  178: <I> AssignNode[AssignIsh, NodeDumpable, AssignTypeRequiring]  "Assign"
                    170: <I> RefNode[LocalReferencing, Referencing, NodeDumpable]  "Local Ref gobble168: type I mods null reg -1"
                    177: <I> InvokeNode[ASTNodeIsh, InvokeIsh, NodeDumpable]  ""
                      171: <I> StaticReference[FieldReferencing, ASTNodeIsh, InvokeReference, Referencing, NodeDumpable, StaticReferencing]  ""
                        172: TypeNode[NodeDumpable]  "LsecretA;"
                        173: TemporaryNode[NodeDumpable]  "computeFib"
                        174: <I> TypeAssertingNode[TypeAsserting, NodeDumpable]  "I"
                      176: ArgsNode[ASTNodeIsh, ArgIsh, NodeDumpable]  "ARGS"
                        175: <I> RefNode[LocalReferencing, Referencing, NodeDumpable]  "Local Ref i153: type I mods null reg -1"
                  183: <I> AssignNode[AssignIsh, NodeDumpable, AssignTypeRequiring]  "Assign"
                    179: <I> RefNode[LocalReferencing, Referencing, NodeDumpable]  "Local Ref i153: type I mods null reg -1"
                    182: <I> AddNode[ComputeIsh, NodeDumpable, BinaryComputeIsh]  ""
                      180: <I> RefNode[LocalReferencing, Referencing, NodeDumpable]  "Local Ref i153: type I mods null reg -1"
                      181: <I> IntNode[ConstantProducing, ASTNodeIsh, ConstantInt, IntTypeProducing, NodeDumpable]  "Int 1"
      191: TemporaryNode[NodeDumpable]  "Statics"
      192: TemporaryNode[NodeDumpable]  "Inner Classes"
Code Generation
Ignoring 195: TemporaryNode[NodeDumpable]  "Program"
    Ignoring 193: ClassBody[ASTNodeIsh, ClassIsh, NodeDumpable]  "Class Body"
      Ignoring 188: TemporaryNode[NodeDumpable]  "Fields"
      Ignoring 189: TemporaryNode[NodeDumpable]  "Constructors"
      Ignoring 190: TemporaryNode[NodeDumpable]  "Methods"
        Ignoring 20: ModTypeNode[NodeDumpable]  "V"
            Ignoring 5: TypeNode[NodeDumpable]  "Ljava/io/PrintStream;"
                Ignoring 8: TypeNode[NodeDumpable]  "Ljava/lang/System;"
                Ignoring 9: TemporaryNode[NodeDumpable]  "out"
                Ignoring 10: <Ljava/io/PrintStream;> TypeAssertingNode[TypeAsserting, NodeDumpable]  "Ljava/io/PrintStream;"
                Ignoring 14: TemporaryNode[NodeDumpable]  "print"
                Ignoring 15: <V> TypeAssertingNode[TypeAsserting, NodeDumpable]  "V"
              Ignoring 17: ArgsNode[ASTNodeIsh, ArgIsh, NodeDumpable]  "ARGS"
        Ignoring 40: ModTypeNode[NodeDumpable]  "V"
            Ignoring 25: TypeNode[NodeDumpable]  "Ljava/io/PrintStream;"
                Ignoring 28: TypeNode[NodeDumpable]  "Ljava/lang/System;"
                Ignoring 29: TemporaryNode[NodeDumpable]  "out"
                Ignoring 30: <Ljava/io/PrintStream;> TypeAssertingNode[TypeAsserting, NodeDumpable]  "Ljava/io/PrintStream;"
                Ignoring 34: TemporaryNode[NodeDumpable]  "println"
                Ignoring 35: <V> TypeAssertingNode[TypeAsserting, NodeDumpable]  "V"
              Ignoring 37: ArgsNode[ASTNodeIsh, ArgIsh, NodeDumpable]  "ARGS"
        Ignoring 60: ModTypeNode[NodeDumpable]  "V"
            Ignoring 45: TypeNode[NodeDumpable]  "Ljava/io/PrintStream;"
                Ignoring 48: TypeNode[NodeDumpable]  "Ljava/lang/System;"
                Ignoring 49: TemporaryNode[NodeDumpable]  "out"
                Ignoring 50: <Ljava/io/PrintStream;> TypeAssertingNode[TypeAsserting, NodeDumpable]  "Ljava/io/PrintStream;"
                Ignoring 54: TemporaryNode[NodeDumpable]  "print"
                Ignoring 55: <V> TypeAssertingNode[TypeAsserting, NodeDumpable]  "V"
              Ignoring 57: ArgsNode[ASTNodeIsh, ArgIsh, NodeDumpable]  "ARGS"
        Ignoring 97: ModTypeNode[NodeDumpable]  "I"
                        Ignoring 75: TypeNode[NodeDumpable]  "LsecretA;"
                        Ignoring 76: TemporaryNode[NodeDumpable]  "fib"
                        Ignoring 77: <I> TypeAssertingNode[TypeAsserting, NodeDumpable]  "I"
                      Ignoring 81: ArgsNode[ASTNodeIsh, ArgIsh, NodeDumpable]  "ARGS"
                        Ignoring 84: TypeNode[NodeDumpable]  "LsecretA;"
                        Ignoring 85: TemporaryNode[NodeDumpable]  "fib"
                        Ignoring 86: <I> TypeAssertingNode[TypeAsserting, NodeDumpable]  "I"
                      Ignoring 90: ArgsNode[ASTNodeIsh, ArgIsh, NodeDumpable]  "ARGS"
        Ignoring 150: ModTypeNode[NodeDumpable]  "I"
                Ignoring 102: TypeNode[NodeDumpable]  "LsecretA;"
                Ignoring 103: TemporaryNode[NodeDumpable]  "outStr"
                Ignoring 104: <V> TypeAssertingNode[TypeAsserting, NodeDumpable]  "V"
              Ignoring 106: ArgsNode[ASTNodeIsh, ArgIsh, NodeDumpable]  "ARGS"
                Ignoring 109: TypeNode[NodeDumpable]  "LsecretA;"
                Ignoring 110: TemporaryNode[NodeDumpable]  "outInt"
                Ignoring 111: <V> TypeAssertingNode[TypeAsserting, NodeDumpable]  "V"
              Ignoring 113: ArgsNode[ASTNodeIsh, ArgIsh, NodeDumpable]  "ARGS"
            Ignoring 116: TypeNode[NodeDumpable]  "I"
                  Ignoring 119: TypeNode[NodeDumpable]  "LsecretA;"
                  Ignoring 120: TemporaryNode[NodeDumpable]  "fib"
                  Ignoring 121: <I> TypeAssertingNode[TypeAsserting, NodeDumpable]  "I"
                Ignoring 123: ArgsNode[ASTNodeIsh, ArgIsh, NodeDumpable]  "ARGS"
                Ignoring 127: TypeNode[NodeDumpable]  "LsecretA;"
                Ignoring 128: TemporaryNode[NodeDumpable]  "outStr"
                Ignoring 129: <V> TypeAssertingNode[TypeAsserting, NodeDumpable]  "V"
              Ignoring 131: ArgsNode[ASTNodeIsh, ArgIsh, NodeDumpable]  "ARGS"
                Ignoring 134: TypeNode[NodeDumpable]  "LsecretA;"
                Ignoring 135: TemporaryNode[NodeDumpable]  "outInt"
                Ignoring 136: <V> TypeAssertingNode[TypeAsserting, NodeDumpable]  "V"
              Ignoring 138: ArgsNode[ASTNodeIsh, ArgIsh, NodeDumpable]  "ARGS"
                Ignoring 141: TypeNode[NodeDumpable]  "LsecretA;"
                Ignoring 142: TemporaryNode[NodeDumpable]  "outStrln"
                Ignoring 143: <V> TypeAssertingNode[TypeAsserting, NodeDumpable]  "V"
              Ignoring 145: ArgsNode[ASTNodeIsh, ArgIsh, NodeDumpable]  "ARGS"
        Ignoring 187: ModTypeNode[NodeDumpable]  "V"
            Ignoring 154: TypeNode[NodeDumpable]  "I"
                Ignoring 159: TypeNode[NodeDumpable]  "LsecretA;"
                Ignoring 160: TemporaryNode[NodeDumpable]  "outStrln"
                Ignoring 161: <V> TypeAssertingNode[TypeAsserting, NodeDumpable]  "V"
              Ignoring 163: ArgsNode[ASTNodeIsh, ArgIsh, NodeDumpable]  "ARGS"
            Ignoring 184: BlockNode[ASTNodeIsh, NodeDumpable, BlockIsh]  "BLOCK"
              Ignoring 169: TypeNode[NodeDumpable]  "I"
                    Ignoring 172: TypeNode[NodeDumpable]  "LsecretA;"
                    Ignoring 173: TemporaryNode[NodeDumpable]  "computeFib"
                    Ignoring 174: <I> TypeAssertingNode[TypeAsserting, NodeDumpable]  "I"
                  Ignoring 176: ArgsNode[ASTNodeIsh, ArgIsh, NodeDumpable]  "ARGS"
      Ignoring 191: TemporaryNode[NodeDumpable]  "Statics"
      Ignoring 192: TemporaryNode[NodeDumpable]  "Inner Classes"
