
      1: Executing main
/* Tests short and and or */
      2: public /* Using Class-Supplied Parser */ 
 class short {
      3: 
      4:    public static void outStr(java.lang.String s) {
      5:      java.io.PrintStream ps;
      6:      ps = java.lang.System::out : java.io.PrintStream;
      7:      (ps)->print : void (s);
      8:    }
      9:    public static void outStrln(java.lang.String s) {
     10:      java.io.PrintStream ps;
     11:      ps = java.lang.System::out : java.io.PrintStream;
     12:      (ps)->println : void (s);
     13:    }
     14:    public static void outInt(int n) {
     15:      java.io.PrintStream ps;
     16:      ps = java.lang.System::out : java.io.PrintStream;
     17:      (ps)->print : void (n);
     18:    }
     19: 
     20:    public static boolean youBlewShortOr() {
     21:       TestClasses.short::outStr : void (
     22:         ");
     23:       TestClasses.short::outStrln : void (
     24:         ");
     25:       java.lang.System::exit : void (-1);
     26:       return true;
     27:    }
     28: 
     29:    public static void gotit() {
     30:       TestClasses.short::outStrln : void (");
     31:    }
     32:       
     33:    public static void youBlewAns() {
     34:       TestClasses.short::outStrln : void (");
     35:    }
     36:       
     37: 
     38:    public static void main431() {
     39:       boolean atrue, btrue, cfalse, dfalse;
     40:       atrue = 3 < 4;
     41:       btrue = atrue && 4 < 5;
     42:       cfalse = 431 > 422;
     43:       dfalse = 431 > 101;
     44:       if (atrue || TestClasses.short::youBlewShortOr : boolean ()) 
     45:          TestClasses.short:: gotit : void ();
     46:       else 
     47:          TestClasses.short::youBlewAns : void ();
     48:    }
     49: }
     50: 
Raw AST (with node numbers)
170: TemporaryNode[NodeDumpable]  "Program"
  169: ClassNode[ASTNodeIsh, NodeDumpable, SymDeclaring, ClassDeclaring]  "Class public instance short"
    168: ClassBody[ASTNodeIsh, ClassIsh, NodeDumpable]  "Class Body"
      163: TemporaryNode[NodeDumpable]  "Fields"
      164: TemporaryNode[NodeDumpable]  "Constructors"
      165: TemporaryNode[NodeDumpable]  "Methods"
        20: ModTypeNode[NodeDumpable]  "V"
          3: MethodNode[ASTNodeIsh, NodeDumpable, SymDeclaring, MethodDeclaring]  "public static V outStr"
            2: ParamsNode[ASTNodeIsh, NodeDumpable, ParamIsh]  "PARAMS"
              1: ParamNode[ASTNodeIsh, NodeDumpable, SymDeclaring, LocalDeclaring]  "Param Ljava/lang/String; s"
            19: BlockNode[ASTNodeIsh, NodeDumpable, BlockIsh]  "BLOCK"
              5: TypeNode[NodeDumpable]  "Ljava/io/PrintStream;"
                4: LocalNode[ASTNodeIsh, NodeDumpable, SymDeclaring, LocalDeclaring]  "Local Ljava/io/PrintStream; ps"
              11: AssignNode[AssignIsh, NodeDumpable, AssignTypeRequiring]  "Assign"
                6: RefNode[LocalReferencing, Referencing, NodeDumpable]  "Local Ref ps"
                7: StaticReference[FieldReferencing, ASTNodeIsh, InvokeReference, Referencing, NodeDumpable, StaticReferencing]  ""
                  8: TypeNode[NodeDumpable]  "Ljava/lang/System;"
                  9: TemporaryNode[NodeDumpable]  "out"
                  10: TypeAssertingNode[TypeAsserting, NodeDumpable]  "Ljava/io/PrintStream;"
              18: InvokeNode[ASTNodeIsh, InvokeIsh, NodeDumpable]  ""
                13: FieldReference[FieldReferencing, ASTNodeIsh, InvokeReference, Referencing, NodeDumpable]  ""
                  12: RefNode[LocalReferencing, Referencing, NodeDumpable]  "Local Ref ps"
                  14: TemporaryNode[NodeDumpable]  "print"
                  15: TypeAssertingNode[TypeAsserting, NodeDumpable]  "V"
                17: ArgsNode[ASTNodeIsh, ArgIsh, NodeDumpable]  "ARGS"
                  16: RefNode[LocalReferencing, Referencing, NodeDumpable]  "Local Ref s"
        40: ModTypeNode[NodeDumpable]  "V"
          23: MethodNode[ASTNodeIsh, NodeDumpable, SymDeclaring, MethodDeclaring]  "public static V outStrln"
            22: ParamsNode[ASTNodeIsh, NodeDumpable, ParamIsh]  "PARAMS"
              21: ParamNode[ASTNodeIsh, NodeDumpable, SymDeclaring, LocalDeclaring]  "Param Ljava/lang/String; s"
            39: BlockNode[ASTNodeIsh, NodeDumpable, BlockIsh]  "BLOCK"
              25: TypeNode[NodeDumpable]  "Ljava/io/PrintStream;"
                24: LocalNode[ASTNodeIsh, NodeDumpable, SymDeclaring, LocalDeclaring]  "Local Ljava/io/PrintStream; ps"
              31: AssignNode[AssignIsh, NodeDumpable, AssignTypeRequiring]  "Assign"
                26: RefNode[LocalReferencing, Referencing, NodeDumpable]  "Local Ref ps"
                27: StaticReference[FieldReferencing, ASTNodeIsh, InvokeReference, Referencing, NodeDumpable, StaticReferencing]  ""
                  28: TypeNode[NodeDumpable]  "Ljava/lang/System;"
                  29: TemporaryNode[NodeDumpable]  "out"
                  30: TypeAssertingNode[TypeAsserting, NodeDumpable]  "Ljava/io/PrintStream;"
              38: InvokeNode[ASTNodeIsh, InvokeIsh, NodeDumpable]  ""
                33: FieldReference[FieldReferencing, ASTNodeIsh, InvokeReference, Referencing, NodeDumpable]  ""
                  32: RefNode[LocalReferencing, Referencing, NodeDumpable]  "Local Ref ps"
                  34: TemporaryNode[NodeDumpable]  "println"
                  35: TypeAssertingNode[TypeAsserting, NodeDumpable]  "V"
                37: ArgsNode[ASTNodeIsh, ArgIsh, NodeDumpable]  "ARGS"
                  36: RefNode[LocalReferencing, Referencing, NodeDumpable]  "Local Ref s"
        60: ModTypeNode[NodeDumpable]  "V"
          43: MethodNode[ASTNodeIsh, NodeDumpable, SymDeclaring, MethodDeclaring]  "public static V outInt"
            42: ParamsNode[ASTNodeIsh, NodeDumpable, ParamIsh]  "PARAMS"
              41: ParamNode[ASTNodeIsh, NodeDumpable, SymDeclaring, LocalDeclaring]  "Param I n"
            59: BlockNode[ASTNodeIsh, NodeDumpable, BlockIsh]  "BLOCK"
              45: TypeNode[NodeDumpable]  "Ljava/io/PrintStream;"
                44: LocalNode[ASTNodeIsh, NodeDumpable, SymDeclaring, LocalDeclaring]  "Local Ljava/io/PrintStream; ps"
              51: AssignNode[AssignIsh, NodeDumpable, AssignTypeRequiring]  "Assign"
                46: RefNode[LocalReferencing, Referencing, NodeDumpable]  "Local Ref ps"
                47: StaticReference[FieldReferencing, ASTNodeIsh, InvokeReference, Referencing, NodeDumpable, StaticReferencing]  ""
                  48: TypeNode[NodeDumpable]  "Ljava/lang/System;"
                  49: TemporaryNode[NodeDumpable]  "out"
                  50: TypeAssertingNode[TypeAsserting, NodeDumpable]  "Ljava/io/PrintStream;"
              58: InvokeNode[ASTNodeIsh, InvokeIsh, NodeDumpable]  ""
                53: FieldReference[FieldReferencing, ASTNodeIsh, InvokeReference, Referencing, NodeDumpable]  ""
                  52: RefNode[LocalReferencing, Referencing, NodeDumpable]  "Local Ref ps"
                  54: TemporaryNode[NodeDumpable]  "print"
                  55: TypeAssertingNode[TypeAsserting, NodeDumpable]  "V"
                57: ArgsNode[ASTNodeIsh, ArgIsh, NodeDumpable]  "ARGS"
                  56: RefNode[LocalReferencing, Referencing, NodeDumpable]  "Local Ref n"
        88: ModTypeNode[NodeDumpable]  "Z"
          62: MethodNode[ASTNodeIsh, NodeDumpable, SymDeclaring, MethodDeclaring]  "public static Z youBlewShortOr"
            61: ParamsNode[ASTNodeIsh, NodeDumpable, ParamIsh]  "PARAMS"
            87: BlockNode[ASTNodeIsh, NodeDumpable, BlockIsh]  "BLOCK"
              69: InvokeNode[ASTNodeIsh, InvokeIsh, NodeDumpable]  ""
                63: StaticReference[FieldReferencing, ASTNodeIsh, InvokeReference, Referencing, NodeDumpable, StaticReferencing]  ""
                  64: TypeNode[NodeDumpable]  "LTestClasses/short;"
                  65: TemporaryNode[NodeDumpable]  "outStr"
                  66: TypeAssertingNode[TypeAsserting, NodeDumpable]  "V"
                68: ArgsNode[ASTNodeIsh, ArgIsh, NodeDumpable]  "ARGS"
                  67: StringNode[StringTypeProducing, ConstantProducing, ASTNodeIsh, ConstantString, NodeDumpable]  "String You chose unwisely, evaluating the second child of a short-or "
              76: InvokeNode[ASTNodeIsh, InvokeIsh, NodeDumpable]  ""
                70: StaticReference[FieldReferencing, ASTNodeIsh, InvokeReference, Referencing, NodeDumpable, StaticReferencing]  ""
                  71: TypeNode[NodeDumpable]  "LTestClasses/short;"
                  72: TemporaryNode[NodeDumpable]  "outStrln"
                  73: TypeAssertingNode[TypeAsserting, NodeDumpable]  "V"
                75: ArgsNode[ASTNodeIsh, ArgIsh, NodeDumpable]  "ARGS"
                  74: StringNode[StringTypeProducing, ConstantProducing, ASTNodeIsh, ConstantString, NodeDumpable]  "String whose first child was true"
              84: InvokeNode[ASTNodeIsh, InvokeIsh, NodeDumpable]  ""
                77: StaticReference[FieldReferencing, ASTNodeIsh, InvokeReference, Referencing, NodeDumpable, StaticReferencing]  ""
                  78: TypeNode[NodeDumpable]  "Ljava/lang/System;"
                  79: TemporaryNode[NodeDumpable]  "exit"
                  80: TypeAssertingNode[TypeAsserting, NodeDumpable]  "V"
                83: ArgsNode[ASTNodeIsh, ArgIsh, NodeDumpable]  "ARGS"
                  82: NegNode[ComputeIsh, UnaryComputeIsh, NodeDumpable]  "op neg"
                    81: IntNode[ConstantProducing, ASTNodeIsh, ConstantInt, IntTypeProducing, NodeDumpable]  "Int 1"
              86: ReturnValueNode[ComputeIsh, UnaryComputeIsh, NodeDumpable]  "op return"
                85: BoolNode[ConstantProducing, ASTNodeIsh, BoolTypeProducing, NodeDumpable, ConstantBool]  "Bool true"
        99: ModTypeNode[NodeDumpable]  "V"
          90: MethodNode[ASTNodeIsh, NodeDumpable, SymDeclaring, MethodDeclaring]  "public static V gotit"
            89: ParamsNode[ASTNodeIsh, NodeDumpable, ParamIsh]  "PARAMS"
            98: BlockNode[ASTNodeIsh, NodeDumpable, BlockIsh]  "BLOCK"
              97: InvokeNode[ASTNodeIsh, InvokeIsh, NodeDumpable]  ""
                91: StaticReference[FieldReferencing, ASTNodeIsh, InvokeReference, Referencing, NodeDumpable, StaticReferencing]  ""
                  92: TypeNode[NodeDumpable]  "LTestClasses/short;"
                  93: TemporaryNode[NodeDumpable]  "outStrln"
                  94: TypeAssertingNode[TypeAsserting, NodeDumpable]  "V"
                96: ArgsNode[ASTNodeIsh, ArgIsh, NodeDumpable]  "ARGS"
                  95: StringNode[StringTypeProducing, ConstantProducing, ASTNodeIsh, ConstantString, NodeDumpable]  "String Check passed"
        110: ModTypeNode[NodeDumpable]  "V"
          101: MethodNode[ASTNodeIsh, NodeDumpable, SymDeclaring, MethodDeclaring]  "public static V youBlewAns"
            100: ParamsNode[ASTNodeIsh, NodeDumpable, ParamIsh]  "PARAMS"
            109: BlockNode[ASTNodeIsh, NodeDumpable, BlockIsh]  "BLOCK"
              108: InvokeNode[ASTNodeIsh, InvokeIsh, NodeDumpable]  ""
                102: StaticReference[FieldReferencing, ASTNodeIsh, InvokeReference, Referencing, NodeDumpable, StaticReferencing]  ""
                  103: TypeNode[NodeDumpable]  "LTestClasses/short;"
                  104: TemporaryNode[NodeDumpable]  "outStrln"
                  105: TypeAssertingNode[TypeAsserting, NodeDumpable]  "V"
                107: ArgsNode[ASTNodeIsh, ArgIsh, NodeDumpable]  "ARGS"
                  106: StringNode[StringTypeProducing, ConstantProducing, ASTNodeIsh, ConstantString, NodeDumpable]  "String Check failed for short or"
        162: ModTypeNode[NodeDumpable]  "V"
          112: MethodNode[ASTNodeIsh, NodeDumpable, SymDeclaring, MethodDeclaring]  "public static V main431"
            111: ParamsNode[ASTNodeIsh, NodeDumpable, ParamIsh]  "PARAMS"
            161: BlockNode[ASTNodeIsh, NodeDumpable, BlockIsh]  "BLOCK"
              117: TypeNode[NodeDumpable]  "Z"
                113: LocalNode[ASTNodeIsh, NodeDumpable, SymDeclaring, LocalDeclaring]  "Local Z atrue"
                114: LocalNode[ASTNodeIsh, NodeDumpable, SymDeclaring, LocalDeclaring]  "Local Z btrue"
                115: LocalNode[ASTNodeIsh, NodeDumpable, SymDeclaring, LocalDeclaring]  "Local Z cfalse"
                116: LocalNode[ASTNodeIsh, NodeDumpable, SymDeclaring, LocalDeclaring]  "Local Z dfalse"
              122: AssignNode[AssignIsh, NodeDumpable, AssignTypeRequiring]  "Assign"
                118: RefNode[LocalReferencing, Referencing, NodeDumpable]  "Local Ref atrue"
                121: LessNode[ASTNodeIsh, CompareIsh, BoolTypeProducing, NodeDumpable]  ""
                  119: IntNode[ConstantProducing, ASTNodeIsh, ConstantInt, IntTypeProducing, NodeDumpable]  "Int 3"
                  120: IntNode[ConstantProducing, ASTNodeIsh, ConstantInt, IntTypeProducing, NodeDumpable]  "Int 4"
              129: AssignNode[AssignIsh, NodeDumpable, AssignTypeRequiring]  "Assign"
                123: RefNode[LocalReferencing, Referencing, NodeDumpable]  "Local Ref btrue"
                128: ShortAndNode[ASTNodeIsh, BoolTypeProducing, NodeDumpable, ShortAndIsh]  ""
                  124: RefNode[LocalReferencing, Referencing, NodeDumpable]  "Local Ref atrue"
                  127: LessNode[ASTNodeIsh, CompareIsh, BoolTypeProducing, NodeDumpable]  ""
                    125: IntNode[ConstantProducing, ASTNodeIsh, ConstantInt, IntTypeProducing, NodeDumpable]  "Int 4"
                    126: IntNode[ConstantProducing, ASTNodeIsh, ConstantInt, IntTypeProducing, NodeDumpable]  "Int 5"
              134: AssignNode[AssignIsh, NodeDumpable, AssignTypeRequiring]  "Assign"
                130: RefNode[LocalReferencing, Referencing, NodeDumpable]  "Local Ref cfalse"
                133: GreaterNode[ASTNodeIsh, CompareIsh, BoolTypeProducing, NodeDumpable]  ""
                  131: IntNode[ConstantProducing, ASTNodeIsh, ConstantInt, IntTypeProducing, NodeDumpable]  "Int 431"
                  132: IntNode[ConstantProducing, ASTNodeIsh, ConstantInt, IntTypeProducing, NodeDumpable]  "Int 422"
              139: AssignNode[AssignIsh, NodeDumpable, AssignTypeRequiring]  "Assign"
                135: RefNode[LocalReferencing, Referencing, NodeDumpable]  "Local Ref dfalse"
                138: GreaterNode[ASTNodeIsh, CompareIsh, BoolTypeProducing, NodeDumpable]  ""
                  136: IntNode[ConstantProducing, ASTNodeIsh, ConstantInt, IntTypeProducing, NodeDumpable]  "Int 431"
                  137: IntNode[ConstantProducing, ASTNodeIsh, ConstantInt, IntTypeProducing, NodeDumpable]  "Int 101"
              160: IfNode[ASTNodeIsh, IfIsh, NodeDumpable]  "If"
                147: ShortOrNode[ASTNodeIsh, BoolTypeProducing, ShortOrIsh, NodeDumpable]  ""
                  140: RefNode[LocalReferencing, Referencing, NodeDumpable]  "Local Ref atrue"
                  145: InvokeNode[ASTNodeIsh, InvokeIsh, NodeDumpable]  ""
                    141: StaticReference[FieldReferencing, ASTNodeIsh, InvokeReference, Referencing, NodeDumpable, StaticReferencing]  ""
                      142: TypeNode[NodeDumpable]  "LTestClasses/short;"
                      143: TemporaryNode[NodeDumpable]  "youBlewShortOr"
                      144: TypeAssertingNode[TypeAsserting, NodeDumpable]  "Z"
                    146: ArgsNode[ASTNodeIsh, ArgIsh, NodeDumpable]  "ARGS"
                152: InvokeNode[ASTNodeIsh, InvokeIsh, NodeDumpable]  ""
                  148: StaticReference[FieldReferencing, ASTNodeIsh, InvokeReference, Referencing, NodeDumpable, StaticReferencing]  ""
                    149: TypeNode[NodeDumpable]  "LTestClasses/short;"
                    150: TemporaryNode[NodeDumpable]  "gotit"
                    151: TypeAssertingNode[TypeAsserting, NodeDumpable]  "V"
                  153: ArgsNode[ASTNodeIsh, ArgIsh, NodeDumpable]  "ARGS"
                158: InvokeNode[ASTNodeIsh, InvokeIsh, NodeDumpable]  ""
                  154: StaticReference[FieldReferencing, ASTNodeIsh, InvokeReference, Referencing, NodeDumpable, StaticReferencing]  ""
                    155: TypeNode[NodeDumpable]  "LTestClasses/short;"
                    156: TemporaryNode[NodeDumpable]  "youBlewAns"
                    157: TypeAssertingNode[TypeAsserting, NodeDumpable]  "V"
                  159: ArgsNode[ASTNodeIsh, ArgIsh, NodeDumpable]  "ARGS"
      166: TemporaryNode[NodeDumpable]  "Statics"
      167: TemporaryNode[NodeDumpable]  "Inner Classes"
Building Symbol table
Type Setting pass

Raw AST (with node numbers)
170: TemporaryNode[NodeDumpable]  "Program"
  169: ClassNode[ASTNodeIsh, NodeDumpable, SymDeclaring, ClassDeclaring]  "Class public instance short"
    168: ClassBody[ASTNodeIsh, ClassIsh, NodeDumpable]  "Class Body"
      163: TemporaryNode[NodeDumpable]  "Fields"
      164: TemporaryNode[NodeDumpable]  "Constructors"
      165: TemporaryNode[NodeDumpable]  "Methods"
        20: ModTypeNode[NodeDumpable]  "V"
          3: MethodNode[ASTNodeIsh, NodeDumpable, SymDeclaring, MethodDeclaring]  "public static V outStr"
            2: ParamsNode[ASTNodeIsh, NodeDumpable, ParamIsh]  "PARAMS"
              1: ParamNode[ASTNodeIsh, NodeDumpable, SymDeclaring, LocalDeclaring]  "Param Ljava/lang/String; s"
            19: BlockNode[ASTNodeIsh, NodeDumpable, BlockIsh]  "BLOCK"
              5: TypeNode[NodeDumpable]  "Ljava/io/PrintStream;"
                4: LocalNode[ASTNodeIsh, NodeDumpable, SymDeclaring, LocalDeclaring]  "Local Ljava/io/PrintStream; ps"
              11: <Ljava/io/PrintStream;> AssignNode[AssignIsh, NodeDumpable, AssignTypeRequiring]  "Assign"
                6: <Ljava/io/PrintStream;> RefNode[LocalReferencing, Referencing, NodeDumpable]  "Local Ref ps4: type Ljava/io/PrintStream; mods null reg -1"
                7: <Ljava/io/PrintStream;> StaticReference[FieldReferencing, ASTNodeIsh, InvokeReference, Referencing, NodeDumpable, StaticReferencing]  ""
                  8: TypeNode[NodeDumpable]  "Ljava/lang/System;"
                  9: TemporaryNode[NodeDumpable]  "out"
                  10: <Ljava/io/PrintStream;> TypeAssertingNode[TypeAsserting, NodeDumpable]  "Ljava/io/PrintStream;"
              18: <V> InvokeNode[ASTNodeIsh, InvokeIsh, NodeDumpable]  ""
                13: <V> FieldReference[FieldReferencing, ASTNodeIsh, InvokeReference, Referencing, NodeDumpable]  ""
                  12: <Ljava/io/PrintStream;> RefNode[LocalReferencing, Referencing, NodeDumpable]  "Local Ref ps4: type Ljava/io/PrintStream; mods null reg -1"
                  14: TemporaryNode[NodeDumpable]  "print"
                  15: <V> TypeAssertingNode[TypeAsserting, NodeDumpable]  "V"
                17: ArgsNode[ASTNodeIsh, ArgIsh, NodeDumpable]  "ARGS"
                  16: <Ljava/lang/String;> RefNode[LocalReferencing, Referencing, NodeDumpable]  "Local Ref s1: type Ljava/lang/String; mods null reg -1"
        40: ModTypeNode[NodeDumpable]  "V"
          23: MethodNode[ASTNodeIsh, NodeDumpable, SymDeclaring, MethodDeclaring]  "public static V outStrln"
            22: ParamsNode[ASTNodeIsh, NodeDumpable, ParamIsh]  "PARAMS"
              21: ParamNode[ASTNodeIsh, NodeDumpable, SymDeclaring, LocalDeclaring]  "Param Ljava/lang/String; s"
            39: BlockNode[ASTNodeIsh, NodeDumpable, BlockIsh]  "BLOCK"
              25: TypeNode[NodeDumpable]  "Ljava/io/PrintStream;"
                24: LocalNode[ASTNodeIsh, NodeDumpable, SymDeclaring, LocalDeclaring]  "Local Ljava/io/PrintStream; ps"
              31: <Ljava/io/PrintStream;> AssignNode[AssignIsh, NodeDumpable, AssignTypeRequiring]  "Assign"
                26: <Ljava/io/PrintStream;> RefNode[LocalReferencing, Referencing, NodeDumpable]  "Local Ref ps24: type Ljava/io/PrintStream; mods null reg -1"
                27: <Ljava/io/PrintStream;> StaticReference[FieldReferencing, ASTNodeIsh, InvokeReference, Referencing, NodeDumpable, StaticReferencing]  ""
                  28: TypeNode[NodeDumpable]  "Ljava/lang/System;"
                  29: TemporaryNode[NodeDumpable]  "out"
                  30: <Ljava/io/PrintStream;> TypeAssertingNode[TypeAsserting, NodeDumpable]  "Ljava/io/PrintStream;"
              38: <V> InvokeNode[ASTNodeIsh, InvokeIsh, NodeDumpable]  ""
                33: <V> FieldReference[FieldReferencing, ASTNodeIsh, InvokeReference, Referencing, NodeDumpable]  ""
                  32: <Ljava/io/PrintStream;> RefNode[LocalReferencing, Referencing, NodeDumpable]  "Local Ref ps24: type Ljava/io/PrintStream; mods null reg -1"
                  34: TemporaryNode[NodeDumpable]  "println"
                  35: <V> TypeAssertingNode[TypeAsserting, NodeDumpable]  "V"
                37: ArgsNode[ASTNodeIsh, ArgIsh, NodeDumpable]  "ARGS"
                  36: <Ljava/lang/String;> RefNode[LocalReferencing, Referencing, NodeDumpable]  "Local Ref s21: type Ljava/lang/String; mods null reg -1"
        60: ModTypeNode[NodeDumpable]  "V"
          43: MethodNode[ASTNodeIsh, NodeDumpable, SymDeclaring, MethodDeclaring]  "public static V outInt"
            42: ParamsNode[ASTNodeIsh, NodeDumpable, ParamIsh]  "PARAMS"
              41: ParamNode[ASTNodeIsh, NodeDumpable, SymDeclaring, LocalDeclaring]  "Param I n"
            59: BlockNode[ASTNodeIsh, NodeDumpable, BlockIsh]  "BLOCK"
              45: TypeNode[NodeDumpable]  "Ljava/io/PrintStream;"
                44: LocalNode[ASTNodeIsh, NodeDumpable, SymDeclaring, LocalDeclaring]  "Local Ljava/io/PrintStream; ps"
              51: <Ljava/io/PrintStream;> AssignNode[AssignIsh, NodeDumpable, AssignTypeRequiring]  "Assign"
                46: <Ljava/io/PrintStream;> RefNode[LocalReferencing, Referencing, NodeDumpable]  "Local Ref ps44: type Ljava/io/PrintStream; mods null reg -1"
                47: <Ljava/io/PrintStream;> StaticReference[FieldReferencing, ASTNodeIsh, InvokeReference, Referencing, NodeDumpable, StaticReferencing]  ""
                  48: TypeNode[NodeDumpable]  "Ljava/lang/System;"
                  49: TemporaryNode[NodeDumpable]  "out"
                  50: <Ljava/io/PrintStream;> TypeAssertingNode[TypeAsserting, NodeDumpable]  "Ljava/io/PrintStream;"
              58: <V> InvokeNode[ASTNodeIsh, InvokeIsh, NodeDumpable]  ""
                53: <V> FieldReference[FieldReferencing, ASTNodeIsh, InvokeReference, Referencing, NodeDumpable]  ""
                  52: <Ljava/io/PrintStream;> RefNode[LocalReferencing, Referencing, NodeDumpable]  "Local Ref ps44: type Ljava/io/PrintStream; mods null reg -1"
                  54: TemporaryNode[NodeDumpable]  "print"
                  55: <V> TypeAssertingNode[TypeAsserting, NodeDumpable]  "V"
                57: ArgsNode[ASTNodeIsh, ArgIsh, NodeDumpable]  "ARGS"
                  56: <I> RefNode[LocalReferencing, Referencing, NodeDumpable]  "Local Ref n41: type I mods null reg -1"
        88: ModTypeNode[NodeDumpable]  "Z"
          62: MethodNode[ASTNodeIsh, NodeDumpable, SymDeclaring, MethodDeclaring]  "public static Z youBlewShortOr"
            61: ParamsNode[ASTNodeIsh, NodeDumpable, ParamIsh]  "PARAMS"
            87: BlockNode[ASTNodeIsh, NodeDumpable, BlockIsh]  "BLOCK"
              69: <V> InvokeNode[ASTNodeIsh, InvokeIsh, NodeDumpable]  ""
                63: <V> StaticReference[FieldReferencing, ASTNodeIsh, InvokeReference, Referencing, NodeDumpable, StaticReferencing]  ""
                  64: TypeNode[NodeDumpable]  "LTestClasses/short;"
                  65: TemporaryNode[NodeDumpable]  "outStr"
                  66: <V> TypeAssertingNode[TypeAsserting, NodeDumpable]  "V"
                68: ArgsNode[ASTNodeIsh, ArgIsh, NodeDumpable]  "ARGS"
                  67: <Ljava/lang/String;> StringNode[StringTypeProducing, ConstantProducing, ASTNodeIsh, ConstantString, NodeDumpable]  "String You chose unwisely, evaluating the second child of a short-or "
              76: <V> InvokeNode[ASTNodeIsh, InvokeIsh, NodeDumpable]  ""
                70: <V> StaticReference[FieldReferencing, ASTNodeIsh, InvokeReference, Referencing, NodeDumpable, StaticReferencing]  ""
                  71: TypeNode[NodeDumpable]  "LTestClasses/short;"
                  72: TemporaryNode[NodeDumpable]  "outStrln"
                  73: <V> TypeAssertingNode[TypeAsserting, NodeDumpable]  "V"
                75: ArgsNode[ASTNodeIsh, ArgIsh, NodeDumpable]  "ARGS"
                  74: <Ljava/lang/String;> StringNode[StringTypeProducing, ConstantProducing, ASTNodeIsh, ConstantString, NodeDumpable]  "String whose first child was true"
              84: <V> InvokeNode[ASTNodeIsh, InvokeIsh, NodeDumpable]  ""
                77: <V> StaticReference[FieldReferencing, ASTNodeIsh, InvokeReference, Referencing, NodeDumpable, StaticReferencing]  ""
                  78: TypeNode[NodeDumpable]  "Ljava/lang/System;"
                  79: TemporaryNode[NodeDumpable]  "exit"
                  80: <V> TypeAssertingNode[TypeAsserting, NodeDumpable]  "V"
                83: ArgsNode[ASTNodeIsh, ArgIsh, NodeDumpable]  "ARGS"
                  82: <I> NegNode[ComputeIsh, UnaryComputeIsh, NodeDumpable]  "op neg"
                    81: <I> IntNode[ConstantProducing, ASTNodeIsh, ConstantInt, IntTypeProducing, NodeDumpable]  "Int 1"
              86: <Z> ReturnValueNode[ComputeIsh, UnaryComputeIsh, NodeDumpable]  "op return"
                85: <Z> BoolNode[ConstantProducing, ASTNodeIsh, BoolTypeProducing, NodeDumpable, ConstantBool]  "Bool true"
        99: ModTypeNode[NodeDumpable]  "V"
          90: MethodNode[ASTNodeIsh, NodeDumpable, SymDeclaring, MethodDeclaring]  "public static V gotit"
            89: ParamsNode[ASTNodeIsh, NodeDumpable, ParamIsh]  "PARAMS"
            98: BlockNode[ASTNodeIsh, NodeDumpable, BlockIsh]  "BLOCK"
              97: <V> InvokeNode[ASTNodeIsh, InvokeIsh, NodeDumpable]  ""
                91: <V> StaticReference[FieldReferencing, ASTNodeIsh, InvokeReference, Referencing, NodeDumpable, StaticReferencing]  ""
                  92: TypeNode[NodeDumpable]  "LTestClasses/short;"
                  93: TemporaryNode[NodeDumpable]  "outStrln"
                  94: <V> TypeAssertingNode[TypeAsserting, NodeDumpable]  "V"
                96: ArgsNode[ASTNodeIsh, ArgIsh, NodeDumpable]  "ARGS"
                  95: <Ljava/lang/String;> StringNode[StringTypeProducing, ConstantProducing, ASTNodeIsh, ConstantString, NodeDumpable]  "String Check passed"
        110: ModTypeNode[NodeDumpable]  "V"
          101: MethodNode[ASTNodeIsh, NodeDumpable, SymDeclaring, MethodDeclaring]  "public static V youBlewAns"
            100: ParamsNode[ASTNodeIsh, NodeDumpable, ParamIsh]  "PARAMS"
            109: BlockNode[ASTNodeIsh, NodeDumpable, BlockIsh]  "BLOCK"
              108: <V> InvokeNode[ASTNodeIsh, InvokeIsh, NodeDumpable]  ""
                102: <V> StaticReference[FieldReferencing, ASTNodeIsh, InvokeReference, Referencing, NodeDumpable, StaticReferencing]  ""
                  103: TypeNode[NodeDumpable]  "LTestClasses/short;"
                  104: TemporaryNode[NodeDumpable]  "outStrln"
                  105: <V> TypeAssertingNode[TypeAsserting, NodeDumpable]  "V"
                107: ArgsNode[ASTNodeIsh, ArgIsh, NodeDumpable]  "ARGS"
                  106: <Ljava/lang/String;> StringNode[StringTypeProducing, ConstantProducing, ASTNodeIsh, ConstantString, NodeDumpable]  "String Check failed for short or"
        162: ModTypeNode[NodeDumpable]  "V"
          112: MethodNode[ASTNodeIsh, NodeDumpable, SymDeclaring, MethodDeclaring]  "public static V main431"
            111: ParamsNode[ASTNodeIsh, NodeDumpable, ParamIsh]  "PARAMS"
            161: BlockNode[ASTNodeIsh, NodeDumpable, BlockIsh]  "BLOCK"
              117: TypeNode[NodeDumpable]  "Z"
                113: LocalNode[ASTNodeIsh, NodeDumpable, SymDeclaring, LocalDeclaring]  "Local Z atrue"
                114: LocalNode[ASTNodeIsh, NodeDumpable, SymDeclaring, LocalDeclaring]  "Local Z btrue"
                115: LocalNode[ASTNodeIsh, NodeDumpable, SymDeclaring, LocalDeclaring]  "Local Z cfalse"
                116: LocalNode[ASTNodeIsh, NodeDumpable, SymDeclaring, LocalDeclaring]  "Local Z dfalse"
              122: <Z> AssignNode[AssignIsh, NodeDumpable, AssignTypeRequiring]  "Assign"
                118: <Z> RefNode[LocalReferencing, Referencing, NodeDumpable]  "Local Ref atrue113: type Z mods null reg -1"
                121: <Z> LessNode[ASTNodeIsh, CompareIsh, BoolTypeProducing, NodeDumpable]  ""
                  119: <I> IntNode[ConstantProducing, ASTNodeIsh, ConstantInt, IntTypeProducing, NodeDumpable]  "Int 3"
                  120: <I> IntNode[ConstantProducing, ASTNodeIsh, ConstantInt, IntTypeProducing, NodeDumpable]  "Int 4"
              129: <Z> AssignNode[AssignIsh, NodeDumpable, AssignTypeRequiring]  "Assign"
                123: <Z> RefNode[LocalReferencing, Referencing, NodeDumpable]  "Local Ref btrue114: type Z mods null reg -1"
                128: <Z> ShortAndNode[ASTNodeIsh, BoolTypeProducing, NodeDumpable, ShortAndIsh]  ""
                  124: <Z> RefNode[LocalReferencing, Referencing, NodeDumpable]  "Local Ref atrue113: type Z mods null reg -1"
                  127: <Z> LessNode[ASTNodeIsh, CompareIsh, BoolTypeProducing, NodeDumpable]  ""
                    125: <I> IntNode[ConstantProducing, ASTNodeIsh, ConstantInt, IntTypeProducing, NodeDumpable]  "Int 4"
                    126: <I> IntNode[ConstantProducing, ASTNodeIsh, ConstantInt, IntTypeProducing, NodeDumpable]  "Int 5"
              134: <Z> AssignNode[AssignIsh, NodeDumpable, AssignTypeRequiring]  "Assign"
                130: <Z> RefNode[LocalReferencing, Referencing, NodeDumpable]  "Local Ref cfalse115: type Z mods null reg -1"
                133: <Z> GreaterNode[ASTNodeIsh, CompareIsh, BoolTypeProducing, NodeDumpable]  ""
                  131: <I> IntNode[ConstantProducing, ASTNodeIsh, ConstantInt, IntTypeProducing, NodeDumpable]  "Int 431"
                  132: <I> IntNode[ConstantProducing, ASTNodeIsh, ConstantInt, IntTypeProducing, NodeDumpable]  "Int 422"
              139: <Z> AssignNode[AssignIsh, NodeDumpable, AssignTypeRequiring]  "Assign"
                135: <Z> RefNode[LocalReferencing, Referencing, NodeDumpable]  "Local Ref dfalse116: type Z mods null reg -1"
                138: <Z> GreaterNode[ASTNodeIsh, CompareIsh, BoolTypeProducing, NodeDumpable]  ""
                  136: <I> IntNode[ConstantProducing, ASTNodeIsh, ConstantInt, IntTypeProducing, NodeDumpable]  "Int 431"
                  137: <I> IntNode[ConstantProducing, ASTNodeIsh, ConstantInt, IntTypeProducing, NodeDumpable]  "Int 101"
              160: IfNode[ASTNodeIsh, IfIsh, NodeDumpable]  "If"
                147: <Z> ShortOrNode[ASTNodeIsh, BoolTypeProducing, ShortOrIsh, NodeDumpable]  ""
                  140: <Z> RefNode[LocalReferencing, Referencing, NodeDumpable]  "Local Ref atrue113: type Z mods null reg -1"
                  145: <Z> InvokeNode[ASTNodeIsh, InvokeIsh, NodeDumpable]  ""
                    141: <Z> StaticReference[FieldReferencing, ASTNodeIsh, InvokeReference, Referencing, NodeDumpable, StaticReferencing]  ""
                      142: TypeNode[NodeDumpable]  "LTestClasses/short;"
                      143: TemporaryNode[NodeDumpable]  "youBlewShortOr"
                      144: <Z> TypeAssertingNode[TypeAsserting, NodeDumpable]  "Z"
                    146: ArgsNode[ASTNodeIsh, ArgIsh, NodeDumpable]  "ARGS"
                152: <V> InvokeNode[ASTNodeIsh, InvokeIsh, NodeDumpable]  ""
                  148: <V> StaticReference[FieldReferencing, ASTNodeIsh, InvokeReference, Referencing, NodeDumpable, StaticReferencing]  ""
                    149: TypeNode[NodeDumpable]  "LTestClasses/short;"
                    150: TemporaryNode[NodeDumpable]  "gotit"
                    151: <V> TypeAssertingNode[TypeAsserting, NodeDumpable]  "V"
                  153: ArgsNode[ASTNodeIsh, ArgIsh, NodeDumpable]  "ARGS"
                158: <V> InvokeNode[ASTNodeIsh, InvokeIsh, NodeDumpable]  ""
                  154: <V> StaticReference[FieldReferencing, ASTNodeIsh, InvokeReference, Referencing, NodeDumpable, StaticReferencing]  ""
                    155: TypeNode[NodeDumpable]  "LTestClasses/short;"
                    156: TemporaryNode[NodeDumpable]  "youBlewAns"
                    157: <V> TypeAssertingNode[TypeAsserting, NodeDumpable]  "V"
                  159: ArgsNode[ASTNodeIsh, ArgIsh, NodeDumpable]  "ARGS"
      166: TemporaryNode[NodeDumpable]  "Statics"
      167: TemporaryNode[NodeDumpable]  "Inner Classes"
Code Generation
Ignoring 170: TemporaryNode[NodeDumpable]  "Program"
    Ignoring 168: ClassBody[ASTNodeIsh, ClassIsh, NodeDumpable]  "Class Body"
      Ignoring 163: TemporaryNode[NodeDumpable]  "Fields"
      Ignoring 164: TemporaryNode[NodeDumpable]  "Constructors"
      Ignoring 165: TemporaryNode[NodeDumpable]  "Methods"
        Ignoring 20: ModTypeNode[NodeDumpable]  "V"
            Ignoring 5: TypeNode[NodeDumpable]  "Ljava/io/PrintStream;"
                Ignoring 8: TypeNode[NodeDumpable]  "Ljava/lang/System;"
                Ignoring 9: TemporaryNode[NodeDumpable]  "out"
                Ignoring 10: <Ljava/io/PrintStream;> TypeAssertingNode[TypeAsserting, NodeDumpable]  "Ljava/io/PrintStream;"
                Ignoring 14: TemporaryNode[NodeDumpable]  "print"
                Ignoring 15: <V> TypeAssertingNode[TypeAsserting, NodeDumpable]  "V"
              Ignoring 17: ArgsNode[ASTNodeIsh, ArgIsh, NodeDumpable]  "ARGS"
        Ignoring 40: ModTypeNode[NodeDumpable]  "V"
            Ignoring 25: TypeNode[NodeDumpable]  "Ljava/io/PrintStream;"
                Ignoring 28: TypeNode[NodeDumpable]  "Ljava/lang/System;"
                Ignoring 29: TemporaryNode[NodeDumpable]  "out"
                Ignoring 30: <Ljava/io/PrintStream;> TypeAssertingNode[TypeAsserting, NodeDumpable]  "Ljava/io/PrintStream;"
                Ignoring 34: TemporaryNode[NodeDumpable]  "println"
                Ignoring 35: <V> TypeAssertingNode[TypeAsserting, NodeDumpable]  "V"
              Ignoring 37: ArgsNode[ASTNodeIsh, ArgIsh, NodeDumpable]  "ARGS"
        Ignoring 60: ModTypeNode[NodeDumpable]  "V"
            Ignoring 45: TypeNode[NodeDumpable]  "Ljava/io/PrintStream;"
                Ignoring 48: TypeNode[NodeDumpable]  "Ljava/lang/System;"
                Ignoring 49: TemporaryNode[NodeDumpable]  "out"
                Ignoring 50: <Ljava/io/PrintStream;> TypeAssertingNode[TypeAsserting, NodeDumpable]  "Ljava/io/PrintStream;"
                Ignoring 54: TemporaryNode[NodeDumpable]  "print"
                Ignoring 55: <V> TypeAssertingNode[TypeAsserting, NodeDumpable]  "V"
              Ignoring 57: ArgsNode[ASTNodeIsh, ArgIsh, NodeDumpable]  "ARGS"
        Ignoring 88: ModTypeNode[NodeDumpable]  "Z"
                Ignoring 64: TypeNode[NodeDumpable]  "LTestClasses/short;"
                Ignoring 65: TemporaryNode[NodeDumpable]  "outStr"
                Ignoring 66: <V> TypeAssertingNode[TypeAsserting, NodeDumpable]  "V"
              Ignoring 68: ArgsNode[ASTNodeIsh, ArgIsh, NodeDumpable]  "ARGS"
                Ignoring 71: TypeNode[NodeDumpable]  "LTestClasses/short;"
                Ignoring 72: TemporaryNode[NodeDumpable]  "outStrln"
                Ignoring 73: <V> TypeAssertingNode[TypeAsserting, NodeDumpable]  "V"
              Ignoring 75: ArgsNode[ASTNodeIsh, ArgIsh, NodeDumpable]  "ARGS"
                Ignoring 78: TypeNode[NodeDumpable]  "Ljava/lang/System;"
                Ignoring 79: TemporaryNode[NodeDumpable]  "exit"
                Ignoring 80: <V> TypeAssertingNode[TypeAsserting, NodeDumpable]  "V"
              Ignoring 83: ArgsNode[ASTNodeIsh, ArgIsh, NodeDumpable]  "ARGS"
        Ignoring 99: ModTypeNode[NodeDumpable]  "V"
                Ignoring 92: TypeNode[NodeDumpable]  "LTestClasses/short;"
                Ignoring 93: TemporaryNode[NodeDumpable]  "outStrln"
                Ignoring 94: <V> TypeAssertingNode[TypeAsserting, NodeDumpable]  "V"
              Ignoring 96: ArgsNode[ASTNodeIsh, ArgIsh, NodeDumpable]  "ARGS"
        Ignoring 110: ModTypeNode[NodeDumpable]  "V"
                Ignoring 103: TypeNode[NodeDumpable]  "LTestClasses/short;"
                Ignoring 104: TemporaryNode[NodeDumpable]  "outStrln"
                Ignoring 105: <V> TypeAssertingNode[TypeAsserting, NodeDumpable]  "V"
              Ignoring 107: ArgsNode[ASTNodeIsh, ArgIsh, NodeDumpable]  "ARGS"
        Ignoring 162: ModTypeNode[NodeDumpable]  "V"
            Ignoring 117: TypeNode[NodeDumpable]  "Z"
                  Ignoring 142: TypeNode[NodeDumpable]  "LTestClasses/short;"
                  Ignoring 143: TemporaryNode[NodeDumpable]  "youBlewShortOr"
                  Ignoring 144: <Z> TypeAssertingNode[TypeAsserting, NodeDumpable]  "Z"
                Ignoring 146: ArgsNode[ASTNodeIsh, ArgIsh, NodeDumpable]  "ARGS"
                  Ignoring 149: TypeNode[NodeDumpable]  "LTestClasses/short;"
                  Ignoring 150: TemporaryNode[NodeDumpable]  "gotit"
                  Ignoring 151: <V> TypeAssertingNode[TypeAsserting, NodeDumpable]  "V"
                Ignoring 153: ArgsNode[ASTNodeIsh, ArgIsh, NodeDumpable]  "ARGS"
                  Ignoring 155: TypeNode[NodeDumpable]  "LTestClasses/short;"
                  Ignoring 156: TemporaryNode[NodeDumpable]  "youBlewAns"
                  Ignoring 157: <V> TypeAssertingNode[TypeAsserting, NodeDumpable]  "V"
                Ignoring 159: ArgsNode[ASTNodeIsh, ArgIsh, NodeDumpable]  "ARGS"
      Ignoring 166: TemporaryNode[NodeDumpable]  "Statics"
      Ignoring 167: TemporaryNode[NodeDumpable]  "Inner Classes"
